<?xml version="1.0" encoding="UTF-8"?>
<testsuite name="repls.IntReplTests" tests="48" skipped="0" failures="46" errors="0" timestamp="2020-10-13T12:55:46" hostname="hmakimei-Lenovo-ideapad-330S-14IKB" time="0.388">
  <properties/>
  <testcase name="Echo simple" classname="repls.IntReplTests" time="0.052"/>
  <testcase name="Echo brackets" classname="repls.IntReplTests" time="0.002"/>
  <testcase name="Evaluate addition simple" classname="repls.IntReplTests" time="0.011">
    <failure message="org.scalatest.exceptions.TestFailedException: &quot;[1178 465 65 204 444 + + + +]&quot; did not equal &quot;[2356]&quot;" type="org.scalatest.exceptions.TestFailedException">org.scalatest.exceptions.TestFailedException: &quot;[1178 465 65 204 444 + + + +]&quot; did not equal &quot;[2356]&quot;
	at org.scalatest.Assertions.newAssertionFailedException(Assertions.scala:530)
	at org.scalatest.Assertions.newAssertionFailedException$(Assertions.scala:529)
	at org.scalatest.FunSuite.newAssertionFailedException(FunSuite.scala:1560)
	at org.scalatest.Assertions$AssertionsHelper.macroAssert(Assertions.scala:503)
	at repls.IntReplTests.$anonfun$new$3(IntReplTests.scala:41)
	at repls.infrastructure.TestBase.$anonfun$test$1(TestBase.scala:36)
	at org.scalatest.OutcomeOf.outcomeOf(OutcomeOf.scala:85)
	at org.scalatest.OutcomeOf.outcomeOf$(OutcomeOf.scala:83)
	at org.scalatest.OutcomeOf$.outcomeOf(OutcomeOf.scala:104)
	at org.scalatest.Transformer.apply(Transformer.scala:22)
	at org.scalatest.Transformer.apply(Transformer.scala:20)
	at org.scalatest.FunSuiteLike$$anon$1.apply(FunSuiteLike.scala:186)
	at org.scalatest.TestSuite.withFixture(TestSuite.scala:196)
	at org.scalatest.TestSuite.withFixture$(TestSuite.scala:195)
	at repls.infrastructure.TestBase.org$scalatest$concurrent$TimeLimitedTests$$super$withFixture(TestBase.scala:9)
	at org.scalatest.concurrent.TimeLimitedTests.$anonfun$withFixture$3(TimeLimitedTests.scala:154)
	at org.scalatest.enablers.Timed$$anon$1.timeoutAfter(Timed.scala:127)
	at org.scalatest.concurrent.TimeLimits.failAfterImpl(TimeLimits.scala:239)
	at org.scalatest.concurrent.TimeLimits.failAfterImpl$(TimeLimits.scala:233)
	at org.scalatest.concurrent.TimeLimits$.failAfterImpl(TimeLimits.scala:305)
	at org.scalatest.concurrent.TimeLimitedTests.withFixture(TimeLimitedTests.scala:153)
	at org.scalatest.concurrent.TimeLimitedTests.withFixture$(TimeLimitedTests.scala:150)
	at repls.infrastructure.TestBase.withFixture(TestBase.scala:9)
	at org.scalatest.FunSuiteLike.invokeWithFixture$1(FunSuiteLike.scala:184)
	at org.scalatest.FunSuiteLike.$anonfun$runTest$1(FunSuiteLike.scala:196)
	at org.scalatest.SuperEngine.runTestImpl(Engine.scala:286)
	at org.scalatest.FunSuiteLike.runTest(FunSuiteLike.scala:196)
	at org.scalatest.FunSuiteLike.runTest$(FunSuiteLike.scala:178)
	at org.scalatest.FunSuite.runTest(FunSuite.scala:1560)
	at org.scalatest.FunSuiteLike.$anonfun$runTests$1(FunSuiteLike.scala:229)
	at org.scalatest.SuperEngine.$anonfun$runTestsInBranch$1(Engine.scala:393)
	at scala.collection.immutable.List.foreach(List.scala:333)
	at org.scalatest.SuperEngine.traverseSubNodes$1(Engine.scala:381)
	at org.scalatest.SuperEngine.runTestsInBranch(Engine.scala:376)
	at org.scalatest.SuperEngine.runTestsImpl(Engine.scala:458)
	at org.scalatest.FunSuiteLike.runTests(FunSuiteLike.scala:229)
	at org.scalatest.FunSuiteLike.runTests$(FunSuiteLike.scala:228)
	at org.scalatest.FunSuite.runTests(FunSuite.scala:1560)
	at org.scalatest.Suite.run(Suite.scala:1124)
	at org.scalatest.Suite.run$(Suite.scala:1106)
	at org.scalatest.FunSuite.org$scalatest$FunSuiteLike$$super$run(FunSuite.scala:1560)
	at org.scalatest.FunSuiteLike.$anonfun$run$1(FunSuiteLike.scala:233)
	at org.scalatest.SuperEngine.runImpl(Engine.scala:518)
	at org.scalatest.FunSuiteLike.run(FunSuiteLike.scala:233)
	at org.scalatest.FunSuiteLike.run$(FunSuiteLike.scala:232)
	at repls.infrastructure.TestBase.run(TestBase.scala:26)
	at org.scalatest.Suite.callExecuteOnSuite$1(Suite.scala:1187)
	at org.scalatest.Suite.$anonfun$runNestedSuites$1(Suite.scala:1234)
	at scala.collection.ArrayOps$.foreach$extension(ArrayOps.scala:1323)
	at org.scalatest.Suite.runNestedSuites(Suite.scala:1232)
	at org.scalatest.Suite.runNestedSuites$(Suite.scala:1166)
	at org.scalatest.Suites.runNestedSuites(Suites.scala:56)
	at org.scalatest.Suite.run(Suite.scala:1121)
	at org.scalatest.Suite.run$(Suite.scala:1106)
	at repls.ReplsTestSuitesBase.runDirect(ReplsTestSuitesBase.scala:16)
	at repls.ReplsTestSuitesBase.runWithScoreCounter(ReplsTestSuitesBase.scala:11)
	at repls.ReplsTestSuite4_1.run(ReplsTestSuite4_1.scala:15)
	at org.scalatestplus.junit.JUnitRunner.run(JUnitRunner.scala:99)
	at org.gradle.api.internal.tasks.testing.junit.JUnitTestClassExecutor.runTestClass(JUnitTestClassExecutor.java:110)
	at org.gradle.api.internal.tasks.testing.junit.JUnitTestClassExecutor.execute(JUnitTestClassExecutor.java:58)
	at org.gradle.api.internal.tasks.testing.junit.JUnitTestClassExecutor.execute(JUnitTestClassExecutor.java:38)
	at org.gradle.api.internal.tasks.testing.junit.AbstractJUnitTestClassProcessor.processTestClass(AbstractJUnitTestClassProcessor.java:62)
	at org.gradle.api.internal.tasks.testing.SuiteTestClassProcessor.processTestClass(SuiteTestClassProcessor.java:51)
	at sun.reflect.NativeMethodAccessorImpl.invoke0(Native Method)
	at sun.reflect.NativeMethodAccessorImpl.invoke(NativeMethodAccessorImpl.java:62)
	at sun.reflect.DelegatingMethodAccessorImpl.invoke(DelegatingMethodAccessorImpl.java:43)
	at java.lang.reflect.Method.invoke(Method.java:498)
	at org.gradle.internal.dispatch.ReflectionDispatch.dispatch(ReflectionDispatch.java:35)
	at org.gradle.internal.dispatch.ReflectionDispatch.dispatch(ReflectionDispatch.java:24)
	at org.gradle.internal.dispatch.ContextClassLoaderDispatch.dispatch(ContextClassLoaderDispatch.java:32)
	at org.gradle.internal.dispatch.ProxyDispatchAdapter$DispatchingInvocationHandler.invoke(ProxyDispatchAdapter.java:93)
	at com.sun.proxy.$Proxy2.processTestClass(Unknown Source)
	at org.gradle.api.internal.tasks.testing.worker.TestWorker.processTestClass(TestWorker.java:118)
	at sun.reflect.NativeMethodAccessorImpl.invoke0(Native Method)
	at sun.reflect.NativeMethodAccessorImpl.invoke(NativeMethodAccessorImpl.java:62)
	at sun.reflect.DelegatingMethodAccessorImpl.invoke(DelegatingMethodAccessorImpl.java:43)
	at java.lang.reflect.Method.invoke(Method.java:498)
	at org.gradle.internal.dispatch.ReflectionDispatch.dispatch(ReflectionDispatch.java:35)
	at org.gradle.internal.dispatch.ReflectionDispatch.dispatch(ReflectionDispatch.java:24)
	at org.gradle.internal.remote.internal.hub.MessageHubBackedObjectConnection$DispatchWrapper.dispatch(MessageHubBackedObjectConnection.java:175)
	at org.gradle.internal.remote.internal.hub.MessageHubBackedObjectConnection$DispatchWrapper.dispatch(MessageHubBackedObjectConnection.java:157)
	at org.gradle.internal.remote.internal.hub.MessageHub$Handler.run(MessageHub.java:404)
	at org.gradle.internal.concurrent.ExecutorPolicy$CatchAndRecordFailures.onExecute(ExecutorPolicy.java:63)
	at org.gradle.internal.concurrent.ManagedExecutorImpl$1.run(ManagedExecutorImpl.java:46)
	at java.util.concurrent.ThreadPoolExecutor.runWorker(ThreadPoolExecutor.java:1149)
	at java.util.concurrent.ThreadPoolExecutor$Worker.run(ThreadPoolExecutor.java:624)
	at org.gradle.internal.concurrent.ThreadFactoryImpl$ManagedThreadRunnable.run(ThreadFactoryImpl.java:55)
	at java.lang.Thread.run(Thread.java:748)
</failure>
  </testcase>
  <testcase name="Evaluate addition brackets" classname="repls.IntReplTests" time="0.004">
    <failure message="org.scalatest.exceptions.TestFailedException: &quot;[12 1 + 45 547 56 + + +]&quot; did not equal &quot;[661]&quot;" type="org.scalatest.exceptions.TestFailedException">org.scalatest.exceptions.TestFailedException: &quot;[12 1 + 45 547 56 + + +]&quot; did not equal &quot;[661]&quot;
	at org.scalatest.Assertions.newAssertionFailedException(Assertions.scala:530)
	at org.scalatest.Assertions.newAssertionFailedException$(Assertions.scala:529)
	at org.scalatest.FunSuite.newAssertionFailedException(FunSuite.scala:1560)
	at org.scalatest.Assertions$AssertionsHelper.macroAssert(Assertions.scala:503)
	at repls.IntReplTests.$anonfun$new$4(IntReplTests.scala:50)
	at repls.infrastructure.TestBase.$anonfun$test$1(TestBase.scala:36)
	at org.scalatest.OutcomeOf.outcomeOf(OutcomeOf.scala:85)
	at org.scalatest.OutcomeOf.outcomeOf$(OutcomeOf.scala:83)
	at org.scalatest.OutcomeOf$.outcomeOf(OutcomeOf.scala:104)
	at org.scalatest.Transformer.apply(Transformer.scala:22)
	at org.scalatest.Transformer.apply(Transformer.scala:20)
	at org.scalatest.FunSuiteLike$$anon$1.apply(FunSuiteLike.scala:186)
	at org.scalatest.TestSuite.withFixture(TestSuite.scala:196)
	at org.scalatest.TestSuite.withFixture$(TestSuite.scala:195)
	at repls.infrastructure.TestBase.org$scalatest$concurrent$TimeLimitedTests$$super$withFixture(TestBase.scala:9)
	at org.scalatest.concurrent.TimeLimitedTests.$anonfun$withFixture$3(TimeLimitedTests.scala:154)
	at org.scalatest.enablers.Timed$$anon$1.timeoutAfter(Timed.scala:127)
	at org.scalatest.concurrent.TimeLimits.failAfterImpl(TimeLimits.scala:239)
	at org.scalatest.concurrent.TimeLimits.failAfterImpl$(TimeLimits.scala:233)
	at org.scalatest.concurrent.TimeLimits$.failAfterImpl(TimeLimits.scala:305)
	at org.scalatest.concurrent.TimeLimitedTests.withFixture(TimeLimitedTests.scala:153)
	at org.scalatest.concurrent.TimeLimitedTests.withFixture$(TimeLimitedTests.scala:150)
	at repls.infrastructure.TestBase.withFixture(TestBase.scala:9)
	at org.scalatest.FunSuiteLike.invokeWithFixture$1(FunSuiteLike.scala:184)
	at org.scalatest.FunSuiteLike.$anonfun$runTest$1(FunSuiteLike.scala:196)
	at org.scalatest.SuperEngine.runTestImpl(Engine.scala:286)
	at org.scalatest.FunSuiteLike.runTest(FunSuiteLike.scala:196)
	at org.scalatest.FunSuiteLike.runTest$(FunSuiteLike.scala:178)
	at org.scalatest.FunSuite.runTest(FunSuite.scala:1560)
	at org.scalatest.FunSuiteLike.$anonfun$runTests$1(FunSuiteLike.scala:229)
	at org.scalatest.SuperEngine.$anonfun$runTestsInBranch$1(Engine.scala:393)
	at scala.collection.immutable.List.foreach(List.scala:333)
	at org.scalatest.SuperEngine.traverseSubNodes$1(Engine.scala:381)
	at org.scalatest.SuperEngine.runTestsInBranch(Engine.scala:376)
	at org.scalatest.SuperEngine.runTestsImpl(Engine.scala:458)
	at org.scalatest.FunSuiteLike.runTests(FunSuiteLike.scala:229)
	at org.scalatest.FunSuiteLike.runTests$(FunSuiteLike.scala:228)
	at org.scalatest.FunSuite.runTests(FunSuite.scala:1560)
	at org.scalatest.Suite.run(Suite.scala:1124)
	at org.scalatest.Suite.run$(Suite.scala:1106)
	at org.scalatest.FunSuite.org$scalatest$FunSuiteLike$$super$run(FunSuite.scala:1560)
	at org.scalatest.FunSuiteLike.$anonfun$run$1(FunSuiteLike.scala:233)
	at org.scalatest.SuperEngine.runImpl(Engine.scala:518)
	at org.scalatest.FunSuiteLike.run(FunSuiteLike.scala:233)
	at org.scalatest.FunSuiteLike.run$(FunSuiteLike.scala:232)
	at repls.infrastructure.TestBase.run(TestBase.scala:26)
	at org.scalatest.Suite.callExecuteOnSuite$1(Suite.scala:1187)
	at org.scalatest.Suite.$anonfun$runNestedSuites$1(Suite.scala:1234)
	at scala.collection.ArrayOps$.foreach$extension(ArrayOps.scala:1323)
	at org.scalatest.Suite.runNestedSuites(Suite.scala:1232)
	at org.scalatest.Suite.runNestedSuites$(Suite.scala:1166)
	at org.scalatest.Suites.runNestedSuites(Suites.scala:56)
	at org.scalatest.Suite.run(Suite.scala:1121)
	at org.scalatest.Suite.run$(Suite.scala:1106)
	at repls.ReplsTestSuitesBase.runDirect(ReplsTestSuitesBase.scala:16)
	at repls.ReplsTestSuitesBase.runWithScoreCounter(ReplsTestSuitesBase.scala:11)
	at repls.ReplsTestSuite4_1.run(ReplsTestSuite4_1.scala:15)
	at org.scalatestplus.junit.JUnitRunner.run(JUnitRunner.scala:99)
	at org.gradle.api.internal.tasks.testing.junit.JUnitTestClassExecutor.runTestClass(JUnitTestClassExecutor.java:110)
	at org.gradle.api.internal.tasks.testing.junit.JUnitTestClassExecutor.execute(JUnitTestClassExecutor.java:58)
	at org.gradle.api.internal.tasks.testing.junit.JUnitTestClassExecutor.execute(JUnitTestClassExecutor.java:38)
	at org.gradle.api.internal.tasks.testing.junit.AbstractJUnitTestClassProcessor.processTestClass(AbstractJUnitTestClassProcessor.java:62)
	at org.gradle.api.internal.tasks.testing.SuiteTestClassProcessor.processTestClass(SuiteTestClassProcessor.java:51)
	at sun.reflect.NativeMethodAccessorImpl.invoke0(Native Method)
	at sun.reflect.NativeMethodAccessorImpl.invoke(NativeMethodAccessorImpl.java:62)
	at sun.reflect.DelegatingMethodAccessorImpl.invoke(DelegatingMethodAccessorImpl.java:43)
	at java.lang.reflect.Method.invoke(Method.java:498)
	at org.gradle.internal.dispatch.ReflectionDispatch.dispatch(ReflectionDispatch.java:35)
	at org.gradle.internal.dispatch.ReflectionDispatch.dispatch(ReflectionDispatch.java:24)
	at org.gradle.internal.dispatch.ContextClassLoaderDispatch.dispatch(ContextClassLoaderDispatch.java:32)
	at org.gradle.internal.dispatch.ProxyDispatchAdapter$DispatchingInvocationHandler.invoke(ProxyDispatchAdapter.java:93)
	at com.sun.proxy.$Proxy2.processTestClass(Unknown Source)
	at org.gradle.api.internal.tasks.testing.worker.TestWorker.processTestClass(TestWorker.java:118)
	at sun.reflect.NativeMethodAccessorImpl.invoke0(Native Method)
	at sun.reflect.NativeMethodAccessorImpl.invoke(NativeMethodAccessorImpl.java:62)
	at sun.reflect.DelegatingMethodAccessorImpl.invoke(DelegatingMethodAccessorImpl.java:43)
	at java.lang.reflect.Method.invoke(Method.java:498)
	at org.gradle.internal.dispatch.ReflectionDispatch.dispatch(ReflectionDispatch.java:35)
	at org.gradle.internal.dispatch.ReflectionDispatch.dispatch(ReflectionDispatch.java:24)
	at org.gradle.internal.remote.internal.hub.MessageHubBackedObjectConnection$DispatchWrapper.dispatch(MessageHubBackedObjectConnection.java:175)
	at org.gradle.internal.remote.internal.hub.MessageHubBackedObjectConnection$DispatchWrapper.dispatch(MessageHubBackedObjectConnection.java:157)
	at org.gradle.internal.remote.internal.hub.MessageHub$Handler.run(MessageHub.java:404)
	at org.gradle.internal.concurrent.ExecutorPolicy$CatchAndRecordFailures.onExecute(ExecutorPolicy.java:63)
	at org.gradle.internal.concurrent.ManagedExecutorImpl$1.run(ManagedExecutorImpl.java:46)
	at java.util.concurrent.ThreadPoolExecutor.runWorker(ThreadPoolExecutor.java:1149)
	at java.util.concurrent.ThreadPoolExecutor$Worker.run(ThreadPoolExecutor.java:624)
	at org.gradle.internal.concurrent.ThreadFactoryImpl$ManagedThreadRunnable.run(ThreadFactoryImpl.java:55)
	at java.lang.Thread.run(Thread.java:748)
</failure>
  </testcase>
  <testcase name="Evaluate addition negative numbers" classname="repls.IntReplTests" time="0.011">
    <failure message="org.scalatest.exceptions.TestFailedException: &quot;[10 -11 +]&quot; did not equal &quot;[-1]&quot;" type="org.scalatest.exceptions.TestFailedException">org.scalatest.exceptions.TestFailedException: &quot;[10 -11 +]&quot; did not equal &quot;[-1]&quot;
	at org.scalatest.Assertions.newAssertionFailedException(Assertions.scala:530)
	at org.scalatest.Assertions.newAssertionFailedException$(Assertions.scala:529)
	at org.scalatest.FunSuite.newAssertionFailedException(FunSuite.scala:1560)
	at org.scalatest.Assertions$AssertionsHelper.macroAssert(Assertions.scala:503)
	at repls.IntReplTests.$anonfun$new$5(IntReplTests.scala:59)
	at repls.infrastructure.TestBase.$anonfun$test$1(TestBase.scala:36)
	at org.scalatest.OutcomeOf.outcomeOf(OutcomeOf.scala:85)
	at org.scalatest.OutcomeOf.outcomeOf$(OutcomeOf.scala:83)
	at org.scalatest.OutcomeOf$.outcomeOf(OutcomeOf.scala:104)
	at org.scalatest.Transformer.apply(Transformer.scala:22)
	at org.scalatest.Transformer.apply(Transformer.scala:20)
	at org.scalatest.FunSuiteLike$$anon$1.apply(FunSuiteLike.scala:186)
	at org.scalatest.TestSuite.withFixture(TestSuite.scala:196)
	at org.scalatest.TestSuite.withFixture$(TestSuite.scala:195)
	at repls.infrastructure.TestBase.org$scalatest$concurrent$TimeLimitedTests$$super$withFixture(TestBase.scala:9)
	at org.scalatest.concurrent.TimeLimitedTests.$anonfun$withFixture$3(TimeLimitedTests.scala:154)
	at org.scalatest.enablers.Timed$$anon$1.timeoutAfter(Timed.scala:127)
	at org.scalatest.concurrent.TimeLimits.failAfterImpl(TimeLimits.scala:239)
	at org.scalatest.concurrent.TimeLimits.failAfterImpl$(TimeLimits.scala:233)
	at org.scalatest.concurrent.TimeLimits$.failAfterImpl(TimeLimits.scala:305)
	at org.scalatest.concurrent.TimeLimitedTests.withFixture(TimeLimitedTests.scala:153)
	at org.scalatest.concurrent.TimeLimitedTests.withFixture$(TimeLimitedTests.scala:150)
	at repls.infrastructure.TestBase.withFixture(TestBase.scala:9)
	at org.scalatest.FunSuiteLike.invokeWithFixture$1(FunSuiteLike.scala:184)
	at org.scalatest.FunSuiteLike.$anonfun$runTest$1(FunSuiteLike.scala:196)
	at org.scalatest.SuperEngine.runTestImpl(Engine.scala:286)
	at org.scalatest.FunSuiteLike.runTest(FunSuiteLike.scala:196)
	at org.scalatest.FunSuiteLike.runTest$(FunSuiteLike.scala:178)
	at org.scalatest.FunSuite.runTest(FunSuite.scala:1560)
	at org.scalatest.FunSuiteLike.$anonfun$runTests$1(FunSuiteLike.scala:229)
	at org.scalatest.SuperEngine.$anonfun$runTestsInBranch$1(Engine.scala:393)
	at scala.collection.immutable.List.foreach(List.scala:333)
	at org.scalatest.SuperEngine.traverseSubNodes$1(Engine.scala:381)
	at org.scalatest.SuperEngine.runTestsInBranch(Engine.scala:376)
	at org.scalatest.SuperEngine.runTestsImpl(Engine.scala:458)
	at org.scalatest.FunSuiteLike.runTests(FunSuiteLike.scala:229)
	at org.scalatest.FunSuiteLike.runTests$(FunSuiteLike.scala:228)
	at org.scalatest.FunSuite.runTests(FunSuite.scala:1560)
	at org.scalatest.Suite.run(Suite.scala:1124)
	at org.scalatest.Suite.run$(Suite.scala:1106)
	at org.scalatest.FunSuite.org$scalatest$FunSuiteLike$$super$run(FunSuite.scala:1560)
	at org.scalatest.FunSuiteLike.$anonfun$run$1(FunSuiteLike.scala:233)
	at org.scalatest.SuperEngine.runImpl(Engine.scala:518)
	at org.scalatest.FunSuiteLike.run(FunSuiteLike.scala:233)
	at org.scalatest.FunSuiteLike.run$(FunSuiteLike.scala:232)
	at repls.infrastructure.TestBase.run(TestBase.scala:26)
	at org.scalatest.Suite.callExecuteOnSuite$1(Suite.scala:1187)
	at org.scalatest.Suite.$anonfun$runNestedSuites$1(Suite.scala:1234)
	at scala.collection.ArrayOps$.foreach$extension(ArrayOps.scala:1323)
	at org.scalatest.Suite.runNestedSuites(Suite.scala:1232)
	at org.scalatest.Suite.runNestedSuites$(Suite.scala:1166)
	at org.scalatest.Suites.runNestedSuites(Suites.scala:56)
	at org.scalatest.Suite.run(Suite.scala:1121)
	at org.scalatest.Suite.run$(Suite.scala:1106)
	at repls.ReplsTestSuitesBase.runDirect(ReplsTestSuitesBase.scala:16)
	at repls.ReplsTestSuitesBase.runWithScoreCounter(ReplsTestSuitesBase.scala:11)
	at repls.ReplsTestSuite4_1.run(ReplsTestSuite4_1.scala:15)
	at org.scalatestplus.junit.JUnitRunner.run(JUnitRunner.scala:99)
	at org.gradle.api.internal.tasks.testing.junit.JUnitTestClassExecutor.runTestClass(JUnitTestClassExecutor.java:110)
	at org.gradle.api.internal.tasks.testing.junit.JUnitTestClassExecutor.execute(JUnitTestClassExecutor.java:58)
	at org.gradle.api.internal.tasks.testing.junit.JUnitTestClassExecutor.execute(JUnitTestClassExecutor.java:38)
	at org.gradle.api.internal.tasks.testing.junit.AbstractJUnitTestClassProcessor.processTestClass(AbstractJUnitTestClassProcessor.java:62)
	at org.gradle.api.internal.tasks.testing.SuiteTestClassProcessor.processTestClass(SuiteTestClassProcessor.java:51)
	at sun.reflect.NativeMethodAccessorImpl.invoke0(Native Method)
	at sun.reflect.NativeMethodAccessorImpl.invoke(NativeMethodAccessorImpl.java:62)
	at sun.reflect.DelegatingMethodAccessorImpl.invoke(DelegatingMethodAccessorImpl.java:43)
	at java.lang.reflect.Method.invoke(Method.java:498)
	at org.gradle.internal.dispatch.ReflectionDispatch.dispatch(ReflectionDispatch.java:35)
	at org.gradle.internal.dispatch.ReflectionDispatch.dispatch(ReflectionDispatch.java:24)
	at org.gradle.internal.dispatch.ContextClassLoaderDispatch.dispatch(ContextClassLoaderDispatch.java:32)
	at org.gradle.internal.dispatch.ProxyDispatchAdapter$DispatchingInvocationHandler.invoke(ProxyDispatchAdapter.java:93)
	at com.sun.proxy.$Proxy2.processTestClass(Unknown Source)
	at org.gradle.api.internal.tasks.testing.worker.TestWorker.processTestClass(TestWorker.java:118)
	at sun.reflect.NativeMethodAccessorImpl.invoke0(Native Method)
	at sun.reflect.NativeMethodAccessorImpl.invoke(NativeMethodAccessorImpl.java:62)
	at sun.reflect.DelegatingMethodAccessorImpl.invoke(DelegatingMethodAccessorImpl.java:43)
	at java.lang.reflect.Method.invoke(Method.java:498)
	at org.gradle.internal.dispatch.ReflectionDispatch.dispatch(ReflectionDispatch.java:35)
	at org.gradle.internal.dispatch.ReflectionDispatch.dispatch(ReflectionDispatch.java:24)
	at org.gradle.internal.remote.internal.hub.MessageHubBackedObjectConnection$DispatchWrapper.dispatch(MessageHubBackedObjectConnection.java:175)
	at org.gradle.internal.remote.internal.hub.MessageHubBackedObjectConnection$DispatchWrapper.dispatch(MessageHubBackedObjectConnection.java:157)
	at org.gradle.internal.remote.internal.hub.MessageHub$Handler.run(MessageHub.java:404)
	at org.gradle.internal.concurrent.ExecutorPolicy$CatchAndRecordFailures.onExecute(ExecutorPolicy.java:63)
	at org.gradle.internal.concurrent.ManagedExecutorImpl$1.run(ManagedExecutorImpl.java:46)
	at java.util.concurrent.ThreadPoolExecutor.runWorker(ThreadPoolExecutor.java:1149)
	at java.util.concurrent.ThreadPoolExecutor$Worker.run(ThreadPoolExecutor.java:624)
	at org.gradle.internal.concurrent.ThreadFactoryImpl$ManagedThreadRunnable.run(ThreadFactoryImpl.java:55)
	at java.lang.Thread.run(Thread.java:748)
</failure>
  </testcase>
  <testcase name="Evaluate subtraction simple" classname="repls.IntReplTests" time="0.002">
    <failure message="org.scalatest.exceptions.TestFailedException: &quot;[5 2 -]&quot; did not equal &quot;[3]&quot;" type="org.scalatest.exceptions.TestFailedException">org.scalatest.exceptions.TestFailedException: &quot;[5 2 -]&quot; did not equal &quot;[3]&quot;
	at org.scalatest.Assertions.newAssertionFailedException(Assertions.scala:530)
	at org.scalatest.Assertions.newAssertionFailedException$(Assertions.scala:529)
	at org.scalatest.FunSuite.newAssertionFailedException(FunSuite.scala:1560)
	at org.scalatest.Assertions$AssertionsHelper.macroAssert(Assertions.scala:503)
	at repls.IntReplTests.$anonfun$new$6(IntReplTests.scala:71)
	at repls.infrastructure.TestBase.$anonfun$test$1(TestBase.scala:36)
	at org.scalatest.OutcomeOf.outcomeOf(OutcomeOf.scala:85)
	at org.scalatest.OutcomeOf.outcomeOf$(OutcomeOf.scala:83)
	at org.scalatest.OutcomeOf$.outcomeOf(OutcomeOf.scala:104)
	at org.scalatest.Transformer.apply(Transformer.scala:22)
	at org.scalatest.Transformer.apply(Transformer.scala:20)
	at org.scalatest.FunSuiteLike$$anon$1.apply(FunSuiteLike.scala:186)
	at org.scalatest.TestSuite.withFixture(TestSuite.scala:196)
	at org.scalatest.TestSuite.withFixture$(TestSuite.scala:195)
	at repls.infrastructure.TestBase.org$scalatest$concurrent$TimeLimitedTests$$super$withFixture(TestBase.scala:9)
	at org.scalatest.concurrent.TimeLimitedTests.$anonfun$withFixture$3(TimeLimitedTests.scala:154)
	at org.scalatest.enablers.Timed$$anon$1.timeoutAfter(Timed.scala:127)
	at org.scalatest.concurrent.TimeLimits.failAfterImpl(TimeLimits.scala:239)
	at org.scalatest.concurrent.TimeLimits.failAfterImpl$(TimeLimits.scala:233)
	at org.scalatest.concurrent.TimeLimits$.failAfterImpl(TimeLimits.scala:305)
	at org.scalatest.concurrent.TimeLimitedTests.withFixture(TimeLimitedTests.scala:153)
	at org.scalatest.concurrent.TimeLimitedTests.withFixture$(TimeLimitedTests.scala:150)
	at repls.infrastructure.TestBase.withFixture(TestBase.scala:9)
	at org.scalatest.FunSuiteLike.invokeWithFixture$1(FunSuiteLike.scala:184)
	at org.scalatest.FunSuiteLike.$anonfun$runTest$1(FunSuiteLike.scala:196)
	at org.scalatest.SuperEngine.runTestImpl(Engine.scala:286)
	at org.scalatest.FunSuiteLike.runTest(FunSuiteLike.scala:196)
	at org.scalatest.FunSuiteLike.runTest$(FunSuiteLike.scala:178)
	at org.scalatest.FunSuite.runTest(FunSuite.scala:1560)
	at org.scalatest.FunSuiteLike.$anonfun$runTests$1(FunSuiteLike.scala:229)
	at org.scalatest.SuperEngine.$anonfun$runTestsInBranch$1(Engine.scala:393)
	at scala.collection.immutable.List.foreach(List.scala:333)
	at org.scalatest.SuperEngine.traverseSubNodes$1(Engine.scala:381)
	at org.scalatest.SuperEngine.runTestsInBranch(Engine.scala:376)
	at org.scalatest.SuperEngine.runTestsImpl(Engine.scala:458)
	at org.scalatest.FunSuiteLike.runTests(FunSuiteLike.scala:229)
	at org.scalatest.FunSuiteLike.runTests$(FunSuiteLike.scala:228)
	at org.scalatest.FunSuite.runTests(FunSuite.scala:1560)
	at org.scalatest.Suite.run(Suite.scala:1124)
	at org.scalatest.Suite.run$(Suite.scala:1106)
	at org.scalatest.FunSuite.org$scalatest$FunSuiteLike$$super$run(FunSuite.scala:1560)
	at org.scalatest.FunSuiteLike.$anonfun$run$1(FunSuiteLike.scala:233)
	at org.scalatest.SuperEngine.runImpl(Engine.scala:518)
	at org.scalatest.FunSuiteLike.run(FunSuiteLike.scala:233)
	at org.scalatest.FunSuiteLike.run$(FunSuiteLike.scala:232)
	at repls.infrastructure.TestBase.run(TestBase.scala:26)
	at org.scalatest.Suite.callExecuteOnSuite$1(Suite.scala:1187)
	at org.scalatest.Suite.$anonfun$runNestedSuites$1(Suite.scala:1234)
	at scala.collection.ArrayOps$.foreach$extension(ArrayOps.scala:1323)
	at org.scalatest.Suite.runNestedSuites(Suite.scala:1232)
	at org.scalatest.Suite.runNestedSuites$(Suite.scala:1166)
	at org.scalatest.Suites.runNestedSuites(Suites.scala:56)
	at org.scalatest.Suite.run(Suite.scala:1121)
	at org.scalatest.Suite.run$(Suite.scala:1106)
	at repls.ReplsTestSuitesBase.runDirect(ReplsTestSuitesBase.scala:16)
	at repls.ReplsTestSuitesBase.runWithScoreCounter(ReplsTestSuitesBase.scala:11)
	at repls.ReplsTestSuite4_1.run(ReplsTestSuite4_1.scala:15)
	at org.scalatestplus.junit.JUnitRunner.run(JUnitRunner.scala:99)
	at org.gradle.api.internal.tasks.testing.junit.JUnitTestClassExecutor.runTestClass(JUnitTestClassExecutor.java:110)
	at org.gradle.api.internal.tasks.testing.junit.JUnitTestClassExecutor.execute(JUnitTestClassExecutor.java:58)
	at org.gradle.api.internal.tasks.testing.junit.JUnitTestClassExecutor.execute(JUnitTestClassExecutor.java:38)
	at org.gradle.api.internal.tasks.testing.junit.AbstractJUnitTestClassProcessor.processTestClass(AbstractJUnitTestClassProcessor.java:62)
	at org.gradle.api.internal.tasks.testing.SuiteTestClassProcessor.processTestClass(SuiteTestClassProcessor.java:51)
	at sun.reflect.NativeMethodAccessorImpl.invoke0(Native Method)
	at sun.reflect.NativeMethodAccessorImpl.invoke(NativeMethodAccessorImpl.java:62)
	at sun.reflect.DelegatingMethodAccessorImpl.invoke(DelegatingMethodAccessorImpl.java:43)
	at java.lang.reflect.Method.invoke(Method.java:498)
	at org.gradle.internal.dispatch.ReflectionDispatch.dispatch(ReflectionDispatch.java:35)
	at org.gradle.internal.dispatch.ReflectionDispatch.dispatch(ReflectionDispatch.java:24)
	at org.gradle.internal.dispatch.ContextClassLoaderDispatch.dispatch(ContextClassLoaderDispatch.java:32)
	at org.gradle.internal.dispatch.ProxyDispatchAdapter$DispatchingInvocationHandler.invoke(ProxyDispatchAdapter.java:93)
	at com.sun.proxy.$Proxy2.processTestClass(Unknown Source)
	at org.gradle.api.internal.tasks.testing.worker.TestWorker.processTestClass(TestWorker.java:118)
	at sun.reflect.NativeMethodAccessorImpl.invoke0(Native Method)
	at sun.reflect.NativeMethodAccessorImpl.invoke(NativeMethodAccessorImpl.java:62)
	at sun.reflect.DelegatingMethodAccessorImpl.invoke(DelegatingMethodAccessorImpl.java:43)
	at java.lang.reflect.Method.invoke(Method.java:498)
	at org.gradle.internal.dispatch.ReflectionDispatch.dispatch(ReflectionDispatch.java:35)
	at org.gradle.internal.dispatch.ReflectionDispatch.dispatch(ReflectionDispatch.java:24)
	at org.gradle.internal.remote.internal.hub.MessageHubBackedObjectConnection$DispatchWrapper.dispatch(MessageHubBackedObjectConnection.java:175)
	at org.gradle.internal.remote.internal.hub.MessageHubBackedObjectConnection$DispatchWrapper.dispatch(MessageHubBackedObjectConnection.java:157)
	at org.gradle.internal.remote.internal.hub.MessageHub$Handler.run(MessageHub.java:404)
	at org.gradle.internal.concurrent.ExecutorPolicy$CatchAndRecordFailures.onExecute(ExecutorPolicy.java:63)
	at org.gradle.internal.concurrent.ManagedExecutorImpl$1.run(ManagedExecutorImpl.java:46)
	at java.util.concurrent.ThreadPoolExecutor.runWorker(ThreadPoolExecutor.java:1149)
	at java.util.concurrent.ThreadPoolExecutor$Worker.run(ThreadPoolExecutor.java:624)
	at org.gradle.internal.concurrent.ThreadFactoryImpl$ManagedThreadRunnable.run(ThreadFactoryImpl.java:55)
	at java.lang.Thread.run(Thread.java:748)
</failure>
  </testcase>
  <testcase name="Evaluate subtraction brackets" classname="repls.IntReplTests" time="0.005">
    <failure message="org.scalatest.exceptions.TestFailedException: &quot;[24 75 643 - -]&quot; did not equal &quot;[592]&quot;" type="org.scalatest.exceptions.TestFailedException">org.scalatest.exceptions.TestFailedException: &quot;[24 75 643 - -]&quot; did not equal &quot;[592]&quot;
	at org.scalatest.Assertions.newAssertionFailedException(Assertions.scala:530)
	at org.scalatest.Assertions.newAssertionFailedException$(Assertions.scala:529)
	at org.scalatest.FunSuite.newAssertionFailedException(FunSuite.scala:1560)
	at org.scalatest.Assertions$AssertionsHelper.macroAssert(Assertions.scala:503)
	at repls.IntReplTests.$anonfun$new$7(IntReplTests.scala:80)
	at repls.infrastructure.TestBase.$anonfun$test$1(TestBase.scala:36)
	at org.scalatest.OutcomeOf.outcomeOf(OutcomeOf.scala:85)
	at org.scalatest.OutcomeOf.outcomeOf$(OutcomeOf.scala:83)
	at org.scalatest.OutcomeOf$.outcomeOf(OutcomeOf.scala:104)
	at org.scalatest.Transformer.apply(Transformer.scala:22)
	at org.scalatest.Transformer.apply(Transformer.scala:20)
	at org.scalatest.FunSuiteLike$$anon$1.apply(FunSuiteLike.scala:186)
	at org.scalatest.TestSuite.withFixture(TestSuite.scala:196)
	at org.scalatest.TestSuite.withFixture$(TestSuite.scala:195)
	at repls.infrastructure.TestBase.org$scalatest$concurrent$TimeLimitedTests$$super$withFixture(TestBase.scala:9)
	at org.scalatest.concurrent.TimeLimitedTests.$anonfun$withFixture$3(TimeLimitedTests.scala:154)
	at org.scalatest.enablers.Timed$$anon$1.timeoutAfter(Timed.scala:127)
	at org.scalatest.concurrent.TimeLimits.failAfterImpl(TimeLimits.scala:239)
	at org.scalatest.concurrent.TimeLimits.failAfterImpl$(TimeLimits.scala:233)
	at org.scalatest.concurrent.TimeLimits$.failAfterImpl(TimeLimits.scala:305)
	at org.scalatest.concurrent.TimeLimitedTests.withFixture(TimeLimitedTests.scala:153)
	at org.scalatest.concurrent.TimeLimitedTests.withFixture$(TimeLimitedTests.scala:150)
	at repls.infrastructure.TestBase.withFixture(TestBase.scala:9)
	at org.scalatest.FunSuiteLike.invokeWithFixture$1(FunSuiteLike.scala:184)
	at org.scalatest.FunSuiteLike.$anonfun$runTest$1(FunSuiteLike.scala:196)
	at org.scalatest.SuperEngine.runTestImpl(Engine.scala:286)
	at org.scalatest.FunSuiteLike.runTest(FunSuiteLike.scala:196)
	at org.scalatest.FunSuiteLike.runTest$(FunSuiteLike.scala:178)
	at org.scalatest.FunSuite.runTest(FunSuite.scala:1560)
	at org.scalatest.FunSuiteLike.$anonfun$runTests$1(FunSuiteLike.scala:229)
	at org.scalatest.SuperEngine.$anonfun$runTestsInBranch$1(Engine.scala:393)
	at scala.collection.immutable.List.foreach(List.scala:333)
	at org.scalatest.SuperEngine.traverseSubNodes$1(Engine.scala:381)
	at org.scalatest.SuperEngine.runTestsInBranch(Engine.scala:376)
	at org.scalatest.SuperEngine.runTestsImpl(Engine.scala:458)
	at org.scalatest.FunSuiteLike.runTests(FunSuiteLike.scala:229)
	at org.scalatest.FunSuiteLike.runTests$(FunSuiteLike.scala:228)
	at org.scalatest.FunSuite.runTests(FunSuite.scala:1560)
	at org.scalatest.Suite.run(Suite.scala:1124)
	at org.scalatest.Suite.run$(Suite.scala:1106)
	at org.scalatest.FunSuite.org$scalatest$FunSuiteLike$$super$run(FunSuite.scala:1560)
	at org.scalatest.FunSuiteLike.$anonfun$run$1(FunSuiteLike.scala:233)
	at org.scalatest.SuperEngine.runImpl(Engine.scala:518)
	at org.scalatest.FunSuiteLike.run(FunSuiteLike.scala:233)
	at org.scalatest.FunSuiteLike.run$(FunSuiteLike.scala:232)
	at repls.infrastructure.TestBase.run(TestBase.scala:26)
	at org.scalatest.Suite.callExecuteOnSuite$1(Suite.scala:1187)
	at org.scalatest.Suite.$anonfun$runNestedSuites$1(Suite.scala:1234)
	at scala.collection.ArrayOps$.foreach$extension(ArrayOps.scala:1323)
	at org.scalatest.Suite.runNestedSuites(Suite.scala:1232)
	at org.scalatest.Suite.runNestedSuites$(Suite.scala:1166)
	at org.scalatest.Suites.runNestedSuites(Suites.scala:56)
	at org.scalatest.Suite.run(Suite.scala:1121)
	at org.scalatest.Suite.run$(Suite.scala:1106)
	at repls.ReplsTestSuitesBase.runDirect(ReplsTestSuitesBase.scala:16)
	at repls.ReplsTestSuitesBase.runWithScoreCounter(ReplsTestSuitesBase.scala:11)
	at repls.ReplsTestSuite4_1.run(ReplsTestSuite4_1.scala:15)
	at org.scalatestplus.junit.JUnitRunner.run(JUnitRunner.scala:99)
	at org.gradle.api.internal.tasks.testing.junit.JUnitTestClassExecutor.runTestClass(JUnitTestClassExecutor.java:110)
	at org.gradle.api.internal.tasks.testing.junit.JUnitTestClassExecutor.execute(JUnitTestClassExecutor.java:58)
	at org.gradle.api.internal.tasks.testing.junit.JUnitTestClassExecutor.execute(JUnitTestClassExecutor.java:38)
	at org.gradle.api.internal.tasks.testing.junit.AbstractJUnitTestClassProcessor.processTestClass(AbstractJUnitTestClassProcessor.java:62)
	at org.gradle.api.internal.tasks.testing.SuiteTestClassProcessor.processTestClass(SuiteTestClassProcessor.java:51)
	at sun.reflect.NativeMethodAccessorImpl.invoke0(Native Method)
	at sun.reflect.NativeMethodAccessorImpl.invoke(NativeMethodAccessorImpl.java:62)
	at sun.reflect.DelegatingMethodAccessorImpl.invoke(DelegatingMethodAccessorImpl.java:43)
	at java.lang.reflect.Method.invoke(Method.java:498)
	at org.gradle.internal.dispatch.ReflectionDispatch.dispatch(ReflectionDispatch.java:35)
	at org.gradle.internal.dispatch.ReflectionDispatch.dispatch(ReflectionDispatch.java:24)
	at org.gradle.internal.dispatch.ContextClassLoaderDispatch.dispatch(ContextClassLoaderDispatch.java:32)
	at org.gradle.internal.dispatch.ProxyDispatchAdapter$DispatchingInvocationHandler.invoke(ProxyDispatchAdapter.java:93)
	at com.sun.proxy.$Proxy2.processTestClass(Unknown Source)
	at org.gradle.api.internal.tasks.testing.worker.TestWorker.processTestClass(TestWorker.java:118)
	at sun.reflect.NativeMethodAccessorImpl.invoke0(Native Method)
	at sun.reflect.NativeMethodAccessorImpl.invoke(NativeMethodAccessorImpl.java:62)
	at sun.reflect.DelegatingMethodAccessorImpl.invoke(DelegatingMethodAccessorImpl.java:43)
	at java.lang.reflect.Method.invoke(Method.java:498)
	at org.gradle.internal.dispatch.ReflectionDispatch.dispatch(ReflectionDispatch.java:35)
	at org.gradle.internal.dispatch.ReflectionDispatch.dispatch(ReflectionDispatch.java:24)
	at org.gradle.internal.remote.internal.hub.MessageHubBackedObjectConnection$DispatchWrapper.dispatch(MessageHubBackedObjectConnection.java:175)
	at org.gradle.internal.remote.internal.hub.MessageHubBackedObjectConnection$DispatchWrapper.dispatch(MessageHubBackedObjectConnection.java:157)
	at org.gradle.internal.remote.internal.hub.MessageHub$Handler.run(MessageHub.java:404)
	at org.gradle.internal.concurrent.ExecutorPolicy$CatchAndRecordFailures.onExecute(ExecutorPolicy.java:63)
	at org.gradle.internal.concurrent.ManagedExecutorImpl$1.run(ManagedExecutorImpl.java:46)
	at java.util.concurrent.ThreadPoolExecutor.runWorker(ThreadPoolExecutor.java:1149)
	at java.util.concurrent.ThreadPoolExecutor$Worker.run(ThreadPoolExecutor.java:624)
	at org.gradle.internal.concurrent.ThreadFactoryImpl$ManagedThreadRunnable.run(ThreadFactoryImpl.java:55)
	at java.lang.Thread.run(Thread.java:748)
</failure>
  </testcase>
  <testcase name="Evaluate subtraction negative" classname="repls.IntReplTests" time="0.002">
    <failure message="org.scalatest.exceptions.TestFailedException: &quot;[0 29 -]&quot; did not equal &quot;[-29]&quot;" type="org.scalatest.exceptions.TestFailedException">org.scalatest.exceptions.TestFailedException: &quot;[0 29 -]&quot; did not equal &quot;[-29]&quot;
	at org.scalatest.Assertions.newAssertionFailedException(Assertions.scala:530)
	at org.scalatest.Assertions.newAssertionFailedException$(Assertions.scala:529)
	at org.scalatest.FunSuite.newAssertionFailedException(FunSuite.scala:1560)
	at org.scalatest.Assertions$AssertionsHelper.macroAssert(Assertions.scala:503)
	at repls.IntReplTests.$anonfun$new$8(IntReplTests.scala:89)
	at repls.infrastructure.TestBase.$anonfun$test$1(TestBase.scala:36)
	at org.scalatest.OutcomeOf.outcomeOf(OutcomeOf.scala:85)
	at org.scalatest.OutcomeOf.outcomeOf$(OutcomeOf.scala:83)
	at org.scalatest.OutcomeOf$.outcomeOf(OutcomeOf.scala:104)
	at org.scalatest.Transformer.apply(Transformer.scala:22)
	at org.scalatest.Transformer.apply(Transformer.scala:20)
	at org.scalatest.FunSuiteLike$$anon$1.apply(FunSuiteLike.scala:186)
	at org.scalatest.TestSuite.withFixture(TestSuite.scala:196)
	at org.scalatest.TestSuite.withFixture$(TestSuite.scala:195)
	at repls.infrastructure.TestBase.org$scalatest$concurrent$TimeLimitedTests$$super$withFixture(TestBase.scala:9)
	at org.scalatest.concurrent.TimeLimitedTests.$anonfun$withFixture$3(TimeLimitedTests.scala:154)
	at org.scalatest.enablers.Timed$$anon$1.timeoutAfter(Timed.scala:127)
	at org.scalatest.concurrent.TimeLimits.failAfterImpl(TimeLimits.scala:239)
	at org.scalatest.concurrent.TimeLimits.failAfterImpl$(TimeLimits.scala:233)
	at org.scalatest.concurrent.TimeLimits$.failAfterImpl(TimeLimits.scala:305)
	at org.scalatest.concurrent.TimeLimitedTests.withFixture(TimeLimitedTests.scala:153)
	at org.scalatest.concurrent.TimeLimitedTests.withFixture$(TimeLimitedTests.scala:150)
	at repls.infrastructure.TestBase.withFixture(TestBase.scala:9)
	at org.scalatest.FunSuiteLike.invokeWithFixture$1(FunSuiteLike.scala:184)
	at org.scalatest.FunSuiteLike.$anonfun$runTest$1(FunSuiteLike.scala:196)
	at org.scalatest.SuperEngine.runTestImpl(Engine.scala:286)
	at org.scalatest.FunSuiteLike.runTest(FunSuiteLike.scala:196)
	at org.scalatest.FunSuiteLike.runTest$(FunSuiteLike.scala:178)
	at org.scalatest.FunSuite.runTest(FunSuite.scala:1560)
	at org.scalatest.FunSuiteLike.$anonfun$runTests$1(FunSuiteLike.scala:229)
	at org.scalatest.SuperEngine.$anonfun$runTestsInBranch$1(Engine.scala:393)
	at scala.collection.immutable.List.foreach(List.scala:333)
	at org.scalatest.SuperEngine.traverseSubNodes$1(Engine.scala:381)
	at org.scalatest.SuperEngine.runTestsInBranch(Engine.scala:376)
	at org.scalatest.SuperEngine.runTestsImpl(Engine.scala:458)
	at org.scalatest.FunSuiteLike.runTests(FunSuiteLike.scala:229)
	at org.scalatest.FunSuiteLike.runTests$(FunSuiteLike.scala:228)
	at org.scalatest.FunSuite.runTests(FunSuite.scala:1560)
	at org.scalatest.Suite.run(Suite.scala:1124)
	at org.scalatest.Suite.run$(Suite.scala:1106)
	at org.scalatest.FunSuite.org$scalatest$FunSuiteLike$$super$run(FunSuite.scala:1560)
	at org.scalatest.FunSuiteLike.$anonfun$run$1(FunSuiteLike.scala:233)
	at org.scalatest.SuperEngine.runImpl(Engine.scala:518)
	at org.scalatest.FunSuiteLike.run(FunSuiteLike.scala:233)
	at org.scalatest.FunSuiteLike.run$(FunSuiteLike.scala:232)
	at repls.infrastructure.TestBase.run(TestBase.scala:26)
	at org.scalatest.Suite.callExecuteOnSuite$1(Suite.scala:1187)
	at org.scalatest.Suite.$anonfun$runNestedSuites$1(Suite.scala:1234)
	at scala.collection.ArrayOps$.foreach$extension(ArrayOps.scala:1323)
	at org.scalatest.Suite.runNestedSuites(Suite.scala:1232)
	at org.scalatest.Suite.runNestedSuites$(Suite.scala:1166)
	at org.scalatest.Suites.runNestedSuites(Suites.scala:56)
	at org.scalatest.Suite.run(Suite.scala:1121)
	at org.scalatest.Suite.run$(Suite.scala:1106)
	at repls.ReplsTestSuitesBase.runDirect(ReplsTestSuitesBase.scala:16)
	at repls.ReplsTestSuitesBase.runWithScoreCounter(ReplsTestSuitesBase.scala:11)
	at repls.ReplsTestSuite4_1.run(ReplsTestSuite4_1.scala:15)
	at org.scalatestplus.junit.JUnitRunner.run(JUnitRunner.scala:99)
	at org.gradle.api.internal.tasks.testing.junit.JUnitTestClassExecutor.runTestClass(JUnitTestClassExecutor.java:110)
	at org.gradle.api.internal.tasks.testing.junit.JUnitTestClassExecutor.execute(JUnitTestClassExecutor.java:58)
	at org.gradle.api.internal.tasks.testing.junit.JUnitTestClassExecutor.execute(JUnitTestClassExecutor.java:38)
	at org.gradle.api.internal.tasks.testing.junit.AbstractJUnitTestClassProcessor.processTestClass(AbstractJUnitTestClassProcessor.java:62)
	at org.gradle.api.internal.tasks.testing.SuiteTestClassProcessor.processTestClass(SuiteTestClassProcessor.java:51)
	at sun.reflect.NativeMethodAccessorImpl.invoke0(Native Method)
	at sun.reflect.NativeMethodAccessorImpl.invoke(NativeMethodAccessorImpl.java:62)
	at sun.reflect.DelegatingMethodAccessorImpl.invoke(DelegatingMethodAccessorImpl.java:43)
	at java.lang.reflect.Method.invoke(Method.java:498)
	at org.gradle.internal.dispatch.ReflectionDispatch.dispatch(ReflectionDispatch.java:35)
	at org.gradle.internal.dispatch.ReflectionDispatch.dispatch(ReflectionDispatch.java:24)
	at org.gradle.internal.dispatch.ContextClassLoaderDispatch.dispatch(ContextClassLoaderDispatch.java:32)
	at org.gradle.internal.dispatch.ProxyDispatchAdapter$DispatchingInvocationHandler.invoke(ProxyDispatchAdapter.java:93)
	at com.sun.proxy.$Proxy2.processTestClass(Unknown Source)
	at org.gradle.api.internal.tasks.testing.worker.TestWorker.processTestClass(TestWorker.java:118)
	at sun.reflect.NativeMethodAccessorImpl.invoke0(Native Method)
	at sun.reflect.NativeMethodAccessorImpl.invoke(NativeMethodAccessorImpl.java:62)
	at sun.reflect.DelegatingMethodAccessorImpl.invoke(DelegatingMethodAccessorImpl.java:43)
	at java.lang.reflect.Method.invoke(Method.java:498)
	at org.gradle.internal.dispatch.ReflectionDispatch.dispatch(ReflectionDispatch.java:35)
	at org.gradle.internal.dispatch.ReflectionDispatch.dispatch(ReflectionDispatch.java:24)
	at org.gradle.internal.remote.internal.hub.MessageHubBackedObjectConnection$DispatchWrapper.dispatch(MessageHubBackedObjectConnection.java:175)
	at org.gradle.internal.remote.internal.hub.MessageHubBackedObjectConnection$DispatchWrapper.dispatch(MessageHubBackedObjectConnection.java:157)
	at org.gradle.internal.remote.internal.hub.MessageHub$Handler.run(MessageHub.java:404)
	at org.gradle.internal.concurrent.ExecutorPolicy$CatchAndRecordFailures.onExecute(ExecutorPolicy.java:63)
	at org.gradle.internal.concurrent.ManagedExecutorImpl$1.run(ManagedExecutorImpl.java:46)
	at java.util.concurrent.ThreadPoolExecutor.runWorker(ThreadPoolExecutor.java:1149)
	at java.util.concurrent.ThreadPoolExecutor$Worker.run(ThreadPoolExecutor.java:624)
	at org.gradle.internal.concurrent.ThreadFactoryImpl$ManagedThreadRunnable.run(ThreadFactoryImpl.java:55)
	at java.lang.Thread.run(Thread.java:748)
</failure>
  </testcase>
  <testcase name="Evaluate subtraction two negatives make positives" classname="repls.IntReplTests" time="0.007">
    <failure message="org.scalatest.exceptions.TestFailedException: &quot;[3 -5 -]&quot; did not equal &quot;[8]&quot;" type="org.scalatest.exceptions.TestFailedException">org.scalatest.exceptions.TestFailedException: &quot;[3 -5 -]&quot; did not equal &quot;[8]&quot;
	at org.scalatest.Assertions.newAssertionFailedException(Assertions.scala:530)
	at org.scalatest.Assertions.newAssertionFailedException$(Assertions.scala:529)
	at org.scalatest.FunSuite.newAssertionFailedException(FunSuite.scala:1560)
	at org.scalatest.Assertions$AssertionsHelper.macroAssert(Assertions.scala:503)
	at repls.IntReplTests.$anonfun$new$9(IntReplTests.scala:98)
	at repls.infrastructure.TestBase.$anonfun$test$1(TestBase.scala:36)
	at org.scalatest.OutcomeOf.outcomeOf(OutcomeOf.scala:85)
	at org.scalatest.OutcomeOf.outcomeOf$(OutcomeOf.scala:83)
	at org.scalatest.OutcomeOf$.outcomeOf(OutcomeOf.scala:104)
	at org.scalatest.Transformer.apply(Transformer.scala:22)
	at org.scalatest.Transformer.apply(Transformer.scala:20)
	at org.scalatest.FunSuiteLike$$anon$1.apply(FunSuiteLike.scala:186)
	at org.scalatest.TestSuite.withFixture(TestSuite.scala:196)
	at org.scalatest.TestSuite.withFixture$(TestSuite.scala:195)
	at repls.infrastructure.TestBase.org$scalatest$concurrent$TimeLimitedTests$$super$withFixture(TestBase.scala:9)
	at org.scalatest.concurrent.TimeLimitedTests.$anonfun$withFixture$3(TimeLimitedTests.scala:154)
	at org.scalatest.enablers.Timed$$anon$1.timeoutAfter(Timed.scala:127)
	at org.scalatest.concurrent.TimeLimits.failAfterImpl(TimeLimits.scala:239)
	at org.scalatest.concurrent.TimeLimits.failAfterImpl$(TimeLimits.scala:233)
	at org.scalatest.concurrent.TimeLimits$.failAfterImpl(TimeLimits.scala:305)
	at org.scalatest.concurrent.TimeLimitedTests.withFixture(TimeLimitedTests.scala:153)
	at org.scalatest.concurrent.TimeLimitedTests.withFixture$(TimeLimitedTests.scala:150)
	at repls.infrastructure.TestBase.withFixture(TestBase.scala:9)
	at org.scalatest.FunSuiteLike.invokeWithFixture$1(FunSuiteLike.scala:184)
	at org.scalatest.FunSuiteLike.$anonfun$runTest$1(FunSuiteLike.scala:196)
	at org.scalatest.SuperEngine.runTestImpl(Engine.scala:286)
	at org.scalatest.FunSuiteLike.runTest(FunSuiteLike.scala:196)
	at org.scalatest.FunSuiteLike.runTest$(FunSuiteLike.scala:178)
	at org.scalatest.FunSuite.runTest(FunSuite.scala:1560)
	at org.scalatest.FunSuiteLike.$anonfun$runTests$1(FunSuiteLike.scala:229)
	at org.scalatest.SuperEngine.$anonfun$runTestsInBranch$1(Engine.scala:393)
	at scala.collection.immutable.List.foreach(List.scala:333)
	at org.scalatest.SuperEngine.traverseSubNodes$1(Engine.scala:381)
	at org.scalatest.SuperEngine.runTestsInBranch(Engine.scala:376)
	at org.scalatest.SuperEngine.runTestsImpl(Engine.scala:458)
	at org.scalatest.FunSuiteLike.runTests(FunSuiteLike.scala:229)
	at org.scalatest.FunSuiteLike.runTests$(FunSuiteLike.scala:228)
	at org.scalatest.FunSuite.runTests(FunSuite.scala:1560)
	at org.scalatest.Suite.run(Suite.scala:1124)
	at org.scalatest.Suite.run$(Suite.scala:1106)
	at org.scalatest.FunSuite.org$scalatest$FunSuiteLike$$super$run(FunSuite.scala:1560)
	at org.scalatest.FunSuiteLike.$anonfun$run$1(FunSuiteLike.scala:233)
	at org.scalatest.SuperEngine.runImpl(Engine.scala:518)
	at org.scalatest.FunSuiteLike.run(FunSuiteLike.scala:233)
	at org.scalatest.FunSuiteLike.run$(FunSuiteLike.scala:232)
	at repls.infrastructure.TestBase.run(TestBase.scala:26)
	at org.scalatest.Suite.callExecuteOnSuite$1(Suite.scala:1187)
	at org.scalatest.Suite.$anonfun$runNestedSuites$1(Suite.scala:1234)
	at scala.collection.ArrayOps$.foreach$extension(ArrayOps.scala:1323)
	at org.scalatest.Suite.runNestedSuites(Suite.scala:1232)
	at org.scalatest.Suite.runNestedSuites$(Suite.scala:1166)
	at org.scalatest.Suites.runNestedSuites(Suites.scala:56)
	at org.scalatest.Suite.run(Suite.scala:1121)
	at org.scalatest.Suite.run$(Suite.scala:1106)
	at repls.ReplsTestSuitesBase.runDirect(ReplsTestSuitesBase.scala:16)
	at repls.ReplsTestSuitesBase.runWithScoreCounter(ReplsTestSuitesBase.scala:11)
	at repls.ReplsTestSuite4_1.run(ReplsTestSuite4_1.scala:15)
	at org.scalatestplus.junit.JUnitRunner.run(JUnitRunner.scala:99)
	at org.gradle.api.internal.tasks.testing.junit.JUnitTestClassExecutor.runTestClass(JUnitTestClassExecutor.java:110)
	at org.gradle.api.internal.tasks.testing.junit.JUnitTestClassExecutor.execute(JUnitTestClassExecutor.java:58)
	at org.gradle.api.internal.tasks.testing.junit.JUnitTestClassExecutor.execute(JUnitTestClassExecutor.java:38)
	at org.gradle.api.internal.tasks.testing.junit.AbstractJUnitTestClassProcessor.processTestClass(AbstractJUnitTestClassProcessor.java:62)
	at org.gradle.api.internal.tasks.testing.SuiteTestClassProcessor.processTestClass(SuiteTestClassProcessor.java:51)
	at sun.reflect.NativeMethodAccessorImpl.invoke0(Native Method)
	at sun.reflect.NativeMethodAccessorImpl.invoke(NativeMethodAccessorImpl.java:62)
	at sun.reflect.DelegatingMethodAccessorImpl.invoke(DelegatingMethodAccessorImpl.java:43)
	at java.lang.reflect.Method.invoke(Method.java:498)
	at org.gradle.internal.dispatch.ReflectionDispatch.dispatch(ReflectionDispatch.java:35)
	at org.gradle.internal.dispatch.ReflectionDispatch.dispatch(ReflectionDispatch.java:24)
	at org.gradle.internal.dispatch.ContextClassLoaderDispatch.dispatch(ContextClassLoaderDispatch.java:32)
	at org.gradle.internal.dispatch.ProxyDispatchAdapter$DispatchingInvocationHandler.invoke(ProxyDispatchAdapter.java:93)
	at com.sun.proxy.$Proxy2.processTestClass(Unknown Source)
	at org.gradle.api.internal.tasks.testing.worker.TestWorker.processTestClass(TestWorker.java:118)
	at sun.reflect.NativeMethodAccessorImpl.invoke0(Native Method)
	at sun.reflect.NativeMethodAccessorImpl.invoke(NativeMethodAccessorImpl.java:62)
	at sun.reflect.DelegatingMethodAccessorImpl.invoke(DelegatingMethodAccessorImpl.java:43)
	at java.lang.reflect.Method.invoke(Method.java:498)
	at org.gradle.internal.dispatch.ReflectionDispatch.dispatch(ReflectionDispatch.java:35)
	at org.gradle.internal.dispatch.ReflectionDispatch.dispatch(ReflectionDispatch.java:24)
	at org.gradle.internal.remote.internal.hub.MessageHubBackedObjectConnection$DispatchWrapper.dispatch(MessageHubBackedObjectConnection.java:175)
	at org.gradle.internal.remote.internal.hub.MessageHubBackedObjectConnection$DispatchWrapper.dispatch(MessageHubBackedObjectConnection.java:157)
	at org.gradle.internal.remote.internal.hub.MessageHub$Handler.run(MessageHub.java:404)
	at org.gradle.internal.concurrent.ExecutorPolicy$CatchAndRecordFailures.onExecute(ExecutorPolicy.java:63)
	at org.gradle.internal.concurrent.ManagedExecutorImpl$1.run(ManagedExecutorImpl.java:46)
	at java.util.concurrent.ThreadPoolExecutor.runWorker(ThreadPoolExecutor.java:1149)
	at java.util.concurrent.ThreadPoolExecutor$Worker.run(ThreadPoolExecutor.java:624)
	at org.gradle.internal.concurrent.ThreadFactoryImpl$ManagedThreadRunnable.run(ThreadFactoryImpl.java:55)
	at java.lang.Thread.run(Thread.java:748)
</failure>
  </testcase>
  <testcase name="Evaluate multiplication simple" classname="repls.IntReplTests" time="0.001">
    <failure message="org.scalatest.exceptions.TestFailedException: &quot;[2 4 *]&quot; did not equal &quot;[8]&quot;" type="org.scalatest.exceptions.TestFailedException">org.scalatest.exceptions.TestFailedException: &quot;[2 4 *]&quot; did not equal &quot;[8]&quot;
	at org.scalatest.Assertions.newAssertionFailedException(Assertions.scala:530)
	at org.scalatest.Assertions.newAssertionFailedException$(Assertions.scala:529)
	at org.scalatest.FunSuite.newAssertionFailedException(FunSuite.scala:1560)
	at org.scalatest.Assertions$AssertionsHelper.macroAssert(Assertions.scala:503)
	at repls.IntReplTests.$anonfun$new$10(IntReplTests.scala:110)
	at repls.infrastructure.TestBase.$anonfun$test$1(TestBase.scala:36)
	at org.scalatest.OutcomeOf.outcomeOf(OutcomeOf.scala:85)
	at org.scalatest.OutcomeOf.outcomeOf$(OutcomeOf.scala:83)
	at org.scalatest.OutcomeOf$.outcomeOf(OutcomeOf.scala:104)
	at org.scalatest.Transformer.apply(Transformer.scala:22)
	at org.scalatest.Transformer.apply(Transformer.scala:20)
	at org.scalatest.FunSuiteLike$$anon$1.apply(FunSuiteLike.scala:186)
	at org.scalatest.TestSuite.withFixture(TestSuite.scala:196)
	at org.scalatest.TestSuite.withFixture$(TestSuite.scala:195)
	at repls.infrastructure.TestBase.org$scalatest$concurrent$TimeLimitedTests$$super$withFixture(TestBase.scala:9)
	at org.scalatest.concurrent.TimeLimitedTests.$anonfun$withFixture$3(TimeLimitedTests.scala:154)
	at org.scalatest.enablers.Timed$$anon$1.timeoutAfter(Timed.scala:127)
	at org.scalatest.concurrent.TimeLimits.failAfterImpl(TimeLimits.scala:239)
	at org.scalatest.concurrent.TimeLimits.failAfterImpl$(TimeLimits.scala:233)
	at org.scalatest.concurrent.TimeLimits$.failAfterImpl(TimeLimits.scala:305)
	at org.scalatest.concurrent.TimeLimitedTests.withFixture(TimeLimitedTests.scala:153)
	at org.scalatest.concurrent.TimeLimitedTests.withFixture$(TimeLimitedTests.scala:150)
	at repls.infrastructure.TestBase.withFixture(TestBase.scala:9)
	at org.scalatest.FunSuiteLike.invokeWithFixture$1(FunSuiteLike.scala:184)
	at org.scalatest.FunSuiteLike.$anonfun$runTest$1(FunSuiteLike.scala:196)
	at org.scalatest.SuperEngine.runTestImpl(Engine.scala:286)
	at org.scalatest.FunSuiteLike.runTest(FunSuiteLike.scala:196)
	at org.scalatest.FunSuiteLike.runTest$(FunSuiteLike.scala:178)
	at org.scalatest.FunSuite.runTest(FunSuite.scala:1560)
	at org.scalatest.FunSuiteLike.$anonfun$runTests$1(FunSuiteLike.scala:229)
	at org.scalatest.SuperEngine.$anonfun$runTestsInBranch$1(Engine.scala:393)
	at scala.collection.immutable.List.foreach(List.scala:333)
	at org.scalatest.SuperEngine.traverseSubNodes$1(Engine.scala:381)
	at org.scalatest.SuperEngine.runTestsInBranch(Engine.scala:376)
	at org.scalatest.SuperEngine.runTestsImpl(Engine.scala:458)
	at org.scalatest.FunSuiteLike.runTests(FunSuiteLike.scala:229)
	at org.scalatest.FunSuiteLike.runTests$(FunSuiteLike.scala:228)
	at org.scalatest.FunSuite.runTests(FunSuite.scala:1560)
	at org.scalatest.Suite.run(Suite.scala:1124)
	at org.scalatest.Suite.run$(Suite.scala:1106)
	at org.scalatest.FunSuite.org$scalatest$FunSuiteLike$$super$run(FunSuite.scala:1560)
	at org.scalatest.FunSuiteLike.$anonfun$run$1(FunSuiteLike.scala:233)
	at org.scalatest.SuperEngine.runImpl(Engine.scala:518)
	at org.scalatest.FunSuiteLike.run(FunSuiteLike.scala:233)
	at org.scalatest.FunSuiteLike.run$(FunSuiteLike.scala:232)
	at repls.infrastructure.TestBase.run(TestBase.scala:26)
	at org.scalatest.Suite.callExecuteOnSuite$1(Suite.scala:1187)
	at org.scalatest.Suite.$anonfun$runNestedSuites$1(Suite.scala:1234)
	at scala.collection.ArrayOps$.foreach$extension(ArrayOps.scala:1323)
	at org.scalatest.Suite.runNestedSuites(Suite.scala:1232)
	at org.scalatest.Suite.runNestedSuites$(Suite.scala:1166)
	at org.scalatest.Suites.runNestedSuites(Suites.scala:56)
	at org.scalatest.Suite.run(Suite.scala:1121)
	at org.scalatest.Suite.run$(Suite.scala:1106)
	at repls.ReplsTestSuitesBase.runDirect(ReplsTestSuitesBase.scala:16)
	at repls.ReplsTestSuitesBase.runWithScoreCounter(ReplsTestSuitesBase.scala:11)
	at repls.ReplsTestSuite4_1.run(ReplsTestSuite4_1.scala:15)
	at org.scalatestplus.junit.JUnitRunner.run(JUnitRunner.scala:99)
	at org.gradle.api.internal.tasks.testing.junit.JUnitTestClassExecutor.runTestClass(JUnitTestClassExecutor.java:110)
	at org.gradle.api.internal.tasks.testing.junit.JUnitTestClassExecutor.execute(JUnitTestClassExecutor.java:58)
	at org.gradle.api.internal.tasks.testing.junit.JUnitTestClassExecutor.execute(JUnitTestClassExecutor.java:38)
	at org.gradle.api.internal.tasks.testing.junit.AbstractJUnitTestClassProcessor.processTestClass(AbstractJUnitTestClassProcessor.java:62)
	at org.gradle.api.internal.tasks.testing.SuiteTestClassProcessor.processTestClass(SuiteTestClassProcessor.java:51)
	at sun.reflect.NativeMethodAccessorImpl.invoke0(Native Method)
	at sun.reflect.NativeMethodAccessorImpl.invoke(NativeMethodAccessorImpl.java:62)
	at sun.reflect.DelegatingMethodAccessorImpl.invoke(DelegatingMethodAccessorImpl.java:43)
	at java.lang.reflect.Method.invoke(Method.java:498)
	at org.gradle.internal.dispatch.ReflectionDispatch.dispatch(ReflectionDispatch.java:35)
	at org.gradle.internal.dispatch.ReflectionDispatch.dispatch(ReflectionDispatch.java:24)
	at org.gradle.internal.dispatch.ContextClassLoaderDispatch.dispatch(ContextClassLoaderDispatch.java:32)
	at org.gradle.internal.dispatch.ProxyDispatchAdapter$DispatchingInvocationHandler.invoke(ProxyDispatchAdapter.java:93)
	at com.sun.proxy.$Proxy2.processTestClass(Unknown Source)
	at org.gradle.api.internal.tasks.testing.worker.TestWorker.processTestClass(TestWorker.java:118)
	at sun.reflect.NativeMethodAccessorImpl.invoke0(Native Method)
	at sun.reflect.NativeMethodAccessorImpl.invoke(NativeMethodAccessorImpl.java:62)
	at sun.reflect.DelegatingMethodAccessorImpl.invoke(DelegatingMethodAccessorImpl.java:43)
	at java.lang.reflect.Method.invoke(Method.java:498)
	at org.gradle.internal.dispatch.ReflectionDispatch.dispatch(ReflectionDispatch.java:35)
	at org.gradle.internal.dispatch.ReflectionDispatch.dispatch(ReflectionDispatch.java:24)
	at org.gradle.internal.remote.internal.hub.MessageHubBackedObjectConnection$DispatchWrapper.dispatch(MessageHubBackedObjectConnection.java:175)
	at org.gradle.internal.remote.internal.hub.MessageHubBackedObjectConnection$DispatchWrapper.dispatch(MessageHubBackedObjectConnection.java:157)
	at org.gradle.internal.remote.internal.hub.MessageHub$Handler.run(MessageHub.java:404)
	at org.gradle.internal.concurrent.ExecutorPolicy$CatchAndRecordFailures.onExecute(ExecutorPolicy.java:63)
	at org.gradle.internal.concurrent.ManagedExecutorImpl$1.run(ManagedExecutorImpl.java:46)
	at java.util.concurrent.ThreadPoolExecutor.runWorker(ThreadPoolExecutor.java:1149)
	at java.util.concurrent.ThreadPoolExecutor$Worker.run(ThreadPoolExecutor.java:624)
	at org.gradle.internal.concurrent.ThreadFactoryImpl$ManagedThreadRunnable.run(ThreadFactoryImpl.java:55)
	at java.lang.Thread.run(Thread.java:748)
</failure>
  </testcase>
  <testcase name="Evaluate multiplication brackets" classname="repls.IntReplTests" time="0.003">
    <failure message="org.scalatest.exceptions.TestFailedException: &quot;[23 123 * 2 32 * *]&quot; did not equal &quot;[181056]&quot;" type="org.scalatest.exceptions.TestFailedException">org.scalatest.exceptions.TestFailedException: &quot;[23 123 * 2 32 * *]&quot; did not equal &quot;[181056]&quot;
	at org.scalatest.Assertions.newAssertionFailedException(Assertions.scala:530)
	at org.scalatest.Assertions.newAssertionFailedException$(Assertions.scala:529)
	at org.scalatest.FunSuite.newAssertionFailedException(FunSuite.scala:1560)
	at org.scalatest.Assertions$AssertionsHelper.macroAssert(Assertions.scala:503)
	at repls.IntReplTests.$anonfun$new$11(IntReplTests.scala:119)
	at repls.infrastructure.TestBase.$anonfun$test$1(TestBase.scala:36)
	at org.scalatest.OutcomeOf.outcomeOf(OutcomeOf.scala:85)
	at org.scalatest.OutcomeOf.outcomeOf$(OutcomeOf.scala:83)
	at org.scalatest.OutcomeOf$.outcomeOf(OutcomeOf.scala:104)
	at org.scalatest.Transformer.apply(Transformer.scala:22)
	at org.scalatest.Transformer.apply(Transformer.scala:20)
	at org.scalatest.FunSuiteLike$$anon$1.apply(FunSuiteLike.scala:186)
	at org.scalatest.TestSuite.withFixture(TestSuite.scala:196)
	at org.scalatest.TestSuite.withFixture$(TestSuite.scala:195)
	at repls.infrastructure.TestBase.org$scalatest$concurrent$TimeLimitedTests$$super$withFixture(TestBase.scala:9)
	at org.scalatest.concurrent.TimeLimitedTests.$anonfun$withFixture$3(TimeLimitedTests.scala:154)
	at org.scalatest.enablers.Timed$$anon$1.timeoutAfter(Timed.scala:127)
	at org.scalatest.concurrent.TimeLimits.failAfterImpl(TimeLimits.scala:239)
	at org.scalatest.concurrent.TimeLimits.failAfterImpl$(TimeLimits.scala:233)
	at org.scalatest.concurrent.TimeLimits$.failAfterImpl(TimeLimits.scala:305)
	at org.scalatest.concurrent.TimeLimitedTests.withFixture(TimeLimitedTests.scala:153)
	at org.scalatest.concurrent.TimeLimitedTests.withFixture$(TimeLimitedTests.scala:150)
	at repls.infrastructure.TestBase.withFixture(TestBase.scala:9)
	at org.scalatest.FunSuiteLike.invokeWithFixture$1(FunSuiteLike.scala:184)
	at org.scalatest.FunSuiteLike.$anonfun$runTest$1(FunSuiteLike.scala:196)
	at org.scalatest.SuperEngine.runTestImpl(Engine.scala:286)
	at org.scalatest.FunSuiteLike.runTest(FunSuiteLike.scala:196)
	at org.scalatest.FunSuiteLike.runTest$(FunSuiteLike.scala:178)
	at org.scalatest.FunSuite.runTest(FunSuite.scala:1560)
	at org.scalatest.FunSuiteLike.$anonfun$runTests$1(FunSuiteLike.scala:229)
	at org.scalatest.SuperEngine.$anonfun$runTestsInBranch$1(Engine.scala:393)
	at scala.collection.immutable.List.foreach(List.scala:333)
	at org.scalatest.SuperEngine.traverseSubNodes$1(Engine.scala:381)
	at org.scalatest.SuperEngine.runTestsInBranch(Engine.scala:376)
	at org.scalatest.SuperEngine.runTestsImpl(Engine.scala:458)
	at org.scalatest.FunSuiteLike.runTests(FunSuiteLike.scala:229)
	at org.scalatest.FunSuiteLike.runTests$(FunSuiteLike.scala:228)
	at org.scalatest.FunSuite.runTests(FunSuite.scala:1560)
	at org.scalatest.Suite.run(Suite.scala:1124)
	at org.scalatest.Suite.run$(Suite.scala:1106)
	at org.scalatest.FunSuite.org$scalatest$FunSuiteLike$$super$run(FunSuite.scala:1560)
	at org.scalatest.FunSuiteLike.$anonfun$run$1(FunSuiteLike.scala:233)
	at org.scalatest.SuperEngine.runImpl(Engine.scala:518)
	at org.scalatest.FunSuiteLike.run(FunSuiteLike.scala:233)
	at org.scalatest.FunSuiteLike.run$(FunSuiteLike.scala:232)
	at repls.infrastructure.TestBase.run(TestBase.scala:26)
	at org.scalatest.Suite.callExecuteOnSuite$1(Suite.scala:1187)
	at org.scalatest.Suite.$anonfun$runNestedSuites$1(Suite.scala:1234)
	at scala.collection.ArrayOps$.foreach$extension(ArrayOps.scala:1323)
	at org.scalatest.Suite.runNestedSuites(Suite.scala:1232)
	at org.scalatest.Suite.runNestedSuites$(Suite.scala:1166)
	at org.scalatest.Suites.runNestedSuites(Suites.scala:56)
	at org.scalatest.Suite.run(Suite.scala:1121)
	at org.scalatest.Suite.run$(Suite.scala:1106)
	at repls.ReplsTestSuitesBase.runDirect(ReplsTestSuitesBase.scala:16)
	at repls.ReplsTestSuitesBase.runWithScoreCounter(ReplsTestSuitesBase.scala:11)
	at repls.ReplsTestSuite4_1.run(ReplsTestSuite4_1.scala:15)
	at org.scalatestplus.junit.JUnitRunner.run(JUnitRunner.scala:99)
	at org.gradle.api.internal.tasks.testing.junit.JUnitTestClassExecutor.runTestClass(JUnitTestClassExecutor.java:110)
	at org.gradle.api.internal.tasks.testing.junit.JUnitTestClassExecutor.execute(JUnitTestClassExecutor.java:58)
	at org.gradle.api.internal.tasks.testing.junit.JUnitTestClassExecutor.execute(JUnitTestClassExecutor.java:38)
	at org.gradle.api.internal.tasks.testing.junit.AbstractJUnitTestClassProcessor.processTestClass(AbstractJUnitTestClassProcessor.java:62)
	at org.gradle.api.internal.tasks.testing.SuiteTestClassProcessor.processTestClass(SuiteTestClassProcessor.java:51)
	at sun.reflect.NativeMethodAccessorImpl.invoke0(Native Method)
	at sun.reflect.NativeMethodAccessorImpl.invoke(NativeMethodAccessorImpl.java:62)
	at sun.reflect.DelegatingMethodAccessorImpl.invoke(DelegatingMethodAccessorImpl.java:43)
	at java.lang.reflect.Method.invoke(Method.java:498)
	at org.gradle.internal.dispatch.ReflectionDispatch.dispatch(ReflectionDispatch.java:35)
	at org.gradle.internal.dispatch.ReflectionDispatch.dispatch(ReflectionDispatch.java:24)
	at org.gradle.internal.dispatch.ContextClassLoaderDispatch.dispatch(ContextClassLoaderDispatch.java:32)
	at org.gradle.internal.dispatch.ProxyDispatchAdapter$DispatchingInvocationHandler.invoke(ProxyDispatchAdapter.java:93)
	at com.sun.proxy.$Proxy2.processTestClass(Unknown Source)
	at org.gradle.api.internal.tasks.testing.worker.TestWorker.processTestClass(TestWorker.java:118)
	at sun.reflect.NativeMethodAccessorImpl.invoke0(Native Method)
	at sun.reflect.NativeMethodAccessorImpl.invoke(NativeMethodAccessorImpl.java:62)
	at sun.reflect.DelegatingMethodAccessorImpl.invoke(DelegatingMethodAccessorImpl.java:43)
	at java.lang.reflect.Method.invoke(Method.java:498)
	at org.gradle.internal.dispatch.ReflectionDispatch.dispatch(ReflectionDispatch.java:35)
	at org.gradle.internal.dispatch.ReflectionDispatch.dispatch(ReflectionDispatch.java:24)
	at org.gradle.internal.remote.internal.hub.MessageHubBackedObjectConnection$DispatchWrapper.dispatch(MessageHubBackedObjectConnection.java:175)
	at org.gradle.internal.remote.internal.hub.MessageHubBackedObjectConnection$DispatchWrapper.dispatch(MessageHubBackedObjectConnection.java:157)
	at org.gradle.internal.remote.internal.hub.MessageHub$Handler.run(MessageHub.java:404)
	at org.gradle.internal.concurrent.ExecutorPolicy$CatchAndRecordFailures.onExecute(ExecutorPolicy.java:63)
	at org.gradle.internal.concurrent.ManagedExecutorImpl$1.run(ManagedExecutorImpl.java:46)
	at java.util.concurrent.ThreadPoolExecutor.runWorker(ThreadPoolExecutor.java:1149)
	at java.util.concurrent.ThreadPoolExecutor$Worker.run(ThreadPoolExecutor.java:624)
	at org.gradle.internal.concurrent.ThreadFactoryImpl$ManagedThreadRunnable.run(ThreadFactoryImpl.java:55)
	at java.lang.Thread.run(Thread.java:748)
</failure>
  </testcase>
  <testcase name="Evaluate multiplication negative" classname="repls.IntReplTests" time="0.009">
    <failure message="org.scalatest.exceptions.TestFailedException: &quot;-[10 64 * 2 32 * *]&quot; did not equal &quot;-[40960]&quot;" type="org.scalatest.exceptions.TestFailedException">org.scalatest.exceptions.TestFailedException: &quot;-[10 64 * 2 32 * *]&quot; did not equal &quot;-[40960]&quot;
	at org.scalatest.Assertions.newAssertionFailedException(Assertions.scala:530)
	at org.scalatest.Assertions.newAssertionFailedException$(Assertions.scala:529)
	at org.scalatest.FunSuite.newAssertionFailedException(FunSuite.scala:1560)
	at org.scalatest.Assertions$AssertionsHelper.macroAssert(Assertions.scala:503)
	at repls.IntReplTests.$anonfun$new$12(IntReplTests.scala:128)
	at repls.infrastructure.TestBase.$anonfun$test$1(TestBase.scala:36)
	at org.scalatest.OutcomeOf.outcomeOf(OutcomeOf.scala:85)
	at org.scalatest.OutcomeOf.outcomeOf$(OutcomeOf.scala:83)
	at org.scalatest.OutcomeOf$.outcomeOf(OutcomeOf.scala:104)
	at org.scalatest.Transformer.apply(Transformer.scala:22)
	at org.scalatest.Transformer.apply(Transformer.scala:20)
	at org.scalatest.FunSuiteLike$$anon$1.apply(FunSuiteLike.scala:186)
	at org.scalatest.TestSuite.withFixture(TestSuite.scala:196)
	at org.scalatest.TestSuite.withFixture$(TestSuite.scala:195)
	at repls.infrastructure.TestBase.org$scalatest$concurrent$TimeLimitedTests$$super$withFixture(TestBase.scala:9)
	at org.scalatest.concurrent.TimeLimitedTests.$anonfun$withFixture$3(TimeLimitedTests.scala:154)
	at org.scalatest.enablers.Timed$$anon$1.timeoutAfter(Timed.scala:127)
	at org.scalatest.concurrent.TimeLimits.failAfterImpl(TimeLimits.scala:239)
	at org.scalatest.concurrent.TimeLimits.failAfterImpl$(TimeLimits.scala:233)
	at org.scalatest.concurrent.TimeLimits$.failAfterImpl(TimeLimits.scala:305)
	at org.scalatest.concurrent.TimeLimitedTests.withFixture(TimeLimitedTests.scala:153)
	at org.scalatest.concurrent.TimeLimitedTests.withFixture$(TimeLimitedTests.scala:150)
	at repls.infrastructure.TestBase.withFixture(TestBase.scala:9)
	at org.scalatest.FunSuiteLike.invokeWithFixture$1(FunSuiteLike.scala:184)
	at org.scalatest.FunSuiteLike.$anonfun$runTest$1(FunSuiteLike.scala:196)
	at org.scalatest.SuperEngine.runTestImpl(Engine.scala:286)
	at org.scalatest.FunSuiteLike.runTest(FunSuiteLike.scala:196)
	at org.scalatest.FunSuiteLike.runTest$(FunSuiteLike.scala:178)
	at org.scalatest.FunSuite.runTest(FunSuite.scala:1560)
	at org.scalatest.FunSuiteLike.$anonfun$runTests$1(FunSuiteLike.scala:229)
	at org.scalatest.SuperEngine.$anonfun$runTestsInBranch$1(Engine.scala:393)
	at scala.collection.immutable.List.foreach(List.scala:333)
	at org.scalatest.SuperEngine.traverseSubNodes$1(Engine.scala:381)
	at org.scalatest.SuperEngine.runTestsInBranch(Engine.scala:376)
	at org.scalatest.SuperEngine.runTestsImpl(Engine.scala:458)
	at org.scalatest.FunSuiteLike.runTests(FunSuiteLike.scala:229)
	at org.scalatest.FunSuiteLike.runTests$(FunSuiteLike.scala:228)
	at org.scalatest.FunSuite.runTests(FunSuite.scala:1560)
	at org.scalatest.Suite.run(Suite.scala:1124)
	at org.scalatest.Suite.run$(Suite.scala:1106)
	at org.scalatest.FunSuite.org$scalatest$FunSuiteLike$$super$run(FunSuite.scala:1560)
	at org.scalatest.FunSuiteLike.$anonfun$run$1(FunSuiteLike.scala:233)
	at org.scalatest.SuperEngine.runImpl(Engine.scala:518)
	at org.scalatest.FunSuiteLike.run(FunSuiteLike.scala:233)
	at org.scalatest.FunSuiteLike.run$(FunSuiteLike.scala:232)
	at repls.infrastructure.TestBase.run(TestBase.scala:26)
	at org.scalatest.Suite.callExecuteOnSuite$1(Suite.scala:1187)
	at org.scalatest.Suite.$anonfun$runNestedSuites$1(Suite.scala:1234)
	at scala.collection.ArrayOps$.foreach$extension(ArrayOps.scala:1323)
	at org.scalatest.Suite.runNestedSuites(Suite.scala:1232)
	at org.scalatest.Suite.runNestedSuites$(Suite.scala:1166)
	at org.scalatest.Suites.runNestedSuites(Suites.scala:56)
	at org.scalatest.Suite.run(Suite.scala:1121)
	at org.scalatest.Suite.run$(Suite.scala:1106)
	at repls.ReplsTestSuitesBase.runDirect(ReplsTestSuitesBase.scala:16)
	at repls.ReplsTestSuitesBase.runWithScoreCounter(ReplsTestSuitesBase.scala:11)
	at repls.ReplsTestSuite4_1.run(ReplsTestSuite4_1.scala:15)
	at org.scalatestplus.junit.JUnitRunner.run(JUnitRunner.scala:99)
	at org.gradle.api.internal.tasks.testing.junit.JUnitTestClassExecutor.runTestClass(JUnitTestClassExecutor.java:110)
	at org.gradle.api.internal.tasks.testing.junit.JUnitTestClassExecutor.execute(JUnitTestClassExecutor.java:58)
	at org.gradle.api.internal.tasks.testing.junit.JUnitTestClassExecutor.execute(JUnitTestClassExecutor.java:38)
	at org.gradle.api.internal.tasks.testing.junit.AbstractJUnitTestClassProcessor.processTestClass(AbstractJUnitTestClassProcessor.java:62)
	at org.gradle.api.internal.tasks.testing.SuiteTestClassProcessor.processTestClass(SuiteTestClassProcessor.java:51)
	at sun.reflect.NativeMethodAccessorImpl.invoke0(Native Method)
	at sun.reflect.NativeMethodAccessorImpl.invoke(NativeMethodAccessorImpl.java:62)
	at sun.reflect.DelegatingMethodAccessorImpl.invoke(DelegatingMethodAccessorImpl.java:43)
	at java.lang.reflect.Method.invoke(Method.java:498)
	at org.gradle.internal.dispatch.ReflectionDispatch.dispatch(ReflectionDispatch.java:35)
	at org.gradle.internal.dispatch.ReflectionDispatch.dispatch(ReflectionDispatch.java:24)
	at org.gradle.internal.dispatch.ContextClassLoaderDispatch.dispatch(ContextClassLoaderDispatch.java:32)
	at org.gradle.internal.dispatch.ProxyDispatchAdapter$DispatchingInvocationHandler.invoke(ProxyDispatchAdapter.java:93)
	at com.sun.proxy.$Proxy2.processTestClass(Unknown Source)
	at org.gradle.api.internal.tasks.testing.worker.TestWorker.processTestClass(TestWorker.java:118)
	at sun.reflect.NativeMethodAccessorImpl.invoke0(Native Method)
	at sun.reflect.NativeMethodAccessorImpl.invoke(NativeMethodAccessorImpl.java:62)
	at sun.reflect.DelegatingMethodAccessorImpl.invoke(DelegatingMethodAccessorImpl.java:43)
	at java.lang.reflect.Method.invoke(Method.java:498)
	at org.gradle.internal.dispatch.ReflectionDispatch.dispatch(ReflectionDispatch.java:35)
	at org.gradle.internal.dispatch.ReflectionDispatch.dispatch(ReflectionDispatch.java:24)
	at org.gradle.internal.remote.internal.hub.MessageHubBackedObjectConnection$DispatchWrapper.dispatch(MessageHubBackedObjectConnection.java:175)
	at org.gradle.internal.remote.internal.hub.MessageHubBackedObjectConnection$DispatchWrapper.dispatch(MessageHubBackedObjectConnection.java:157)
	at org.gradle.internal.remote.internal.hub.MessageHub$Handler.run(MessageHub.java:404)
	at org.gradle.internal.concurrent.ExecutorPolicy$CatchAndRecordFailures.onExecute(ExecutorPolicy.java:63)
	at org.gradle.internal.concurrent.ManagedExecutorImpl$1.run(ManagedExecutorImpl.java:46)
	at java.util.concurrent.ThreadPoolExecutor.runWorker(ThreadPoolExecutor.java:1149)
	at java.util.concurrent.ThreadPoolExecutor$Worker.run(ThreadPoolExecutor.java:624)
	at org.gradle.internal.concurrent.ThreadFactoryImpl$ManagedThreadRunnable.run(ThreadFactoryImpl.java:55)
	at java.lang.Thread.run(Thread.java:748)
</failure>
  </testcase>
  <testcase name="Evaluate Expressions simple" classname="repls.IntReplTests" time="0.002">
    <failure message="org.scalatest.exceptions.TestFailedException: &quot;[1 4 * 5 +]&quot; did not equal &quot;[21]&quot;" type="org.scalatest.exceptions.TestFailedException">org.scalatest.exceptions.TestFailedException: &quot;[1 4 * 5 +]&quot; did not equal &quot;[21]&quot;
	at org.scalatest.Assertions.newAssertionFailedException(Assertions.scala:530)
	at org.scalatest.Assertions.newAssertionFailedException$(Assertions.scala:529)
	at org.scalatest.FunSuite.newAssertionFailedException(FunSuite.scala:1560)
	at org.scalatest.Assertions$AssertionsHelper.macroAssert(Assertions.scala:503)
	at repls.IntReplTests.$anonfun$new$13(IntReplTests.scala:140)
	at repls.infrastructure.TestBase.$anonfun$test$1(TestBase.scala:36)
	at org.scalatest.OutcomeOf.outcomeOf(OutcomeOf.scala:85)
	at org.scalatest.OutcomeOf.outcomeOf$(OutcomeOf.scala:83)
	at org.scalatest.OutcomeOf$.outcomeOf(OutcomeOf.scala:104)
	at org.scalatest.Transformer.apply(Transformer.scala:22)
	at org.scalatest.Transformer.apply(Transformer.scala:20)
	at org.scalatest.FunSuiteLike$$anon$1.apply(FunSuiteLike.scala:186)
	at org.scalatest.TestSuite.withFixture(TestSuite.scala:196)
	at org.scalatest.TestSuite.withFixture$(TestSuite.scala:195)
	at repls.infrastructure.TestBase.org$scalatest$concurrent$TimeLimitedTests$$super$withFixture(TestBase.scala:9)
	at org.scalatest.concurrent.TimeLimitedTests.$anonfun$withFixture$3(TimeLimitedTests.scala:154)
	at org.scalatest.enablers.Timed$$anon$1.timeoutAfter(Timed.scala:127)
	at org.scalatest.concurrent.TimeLimits.failAfterImpl(TimeLimits.scala:239)
	at org.scalatest.concurrent.TimeLimits.failAfterImpl$(TimeLimits.scala:233)
	at org.scalatest.concurrent.TimeLimits$.failAfterImpl(TimeLimits.scala:305)
	at org.scalatest.concurrent.TimeLimitedTests.withFixture(TimeLimitedTests.scala:153)
	at org.scalatest.concurrent.TimeLimitedTests.withFixture$(TimeLimitedTests.scala:150)
	at repls.infrastructure.TestBase.withFixture(TestBase.scala:9)
	at org.scalatest.FunSuiteLike.invokeWithFixture$1(FunSuiteLike.scala:184)
	at org.scalatest.FunSuiteLike.$anonfun$runTest$1(FunSuiteLike.scala:196)
	at org.scalatest.SuperEngine.runTestImpl(Engine.scala:286)
	at org.scalatest.FunSuiteLike.runTest(FunSuiteLike.scala:196)
	at org.scalatest.FunSuiteLike.runTest$(FunSuiteLike.scala:178)
	at org.scalatest.FunSuite.runTest(FunSuite.scala:1560)
	at org.scalatest.FunSuiteLike.$anonfun$runTests$1(FunSuiteLike.scala:229)
	at org.scalatest.SuperEngine.$anonfun$runTestsInBranch$1(Engine.scala:393)
	at scala.collection.immutable.List.foreach(List.scala:333)
	at org.scalatest.SuperEngine.traverseSubNodes$1(Engine.scala:381)
	at org.scalatest.SuperEngine.runTestsInBranch(Engine.scala:376)
	at org.scalatest.SuperEngine.runTestsImpl(Engine.scala:458)
	at org.scalatest.FunSuiteLike.runTests(FunSuiteLike.scala:229)
	at org.scalatest.FunSuiteLike.runTests$(FunSuiteLike.scala:228)
	at org.scalatest.FunSuite.runTests(FunSuite.scala:1560)
	at org.scalatest.Suite.run(Suite.scala:1124)
	at org.scalatest.Suite.run$(Suite.scala:1106)
	at org.scalatest.FunSuite.org$scalatest$FunSuiteLike$$super$run(FunSuite.scala:1560)
	at org.scalatest.FunSuiteLike.$anonfun$run$1(FunSuiteLike.scala:233)
	at org.scalatest.SuperEngine.runImpl(Engine.scala:518)
	at org.scalatest.FunSuiteLike.run(FunSuiteLike.scala:233)
	at org.scalatest.FunSuiteLike.run$(FunSuiteLike.scala:232)
	at repls.infrastructure.TestBase.run(TestBase.scala:26)
	at org.scalatest.Suite.callExecuteOnSuite$1(Suite.scala:1187)
	at org.scalatest.Suite.$anonfun$runNestedSuites$1(Suite.scala:1234)
	at scala.collection.ArrayOps$.foreach$extension(ArrayOps.scala:1323)
	at org.scalatest.Suite.runNestedSuites(Suite.scala:1232)
	at org.scalatest.Suite.runNestedSuites$(Suite.scala:1166)
	at org.scalatest.Suites.runNestedSuites(Suites.scala:56)
	at org.scalatest.Suite.run(Suite.scala:1121)
	at org.scalatest.Suite.run$(Suite.scala:1106)
	at repls.ReplsTestSuitesBase.runDirect(ReplsTestSuitesBase.scala:16)
	at repls.ReplsTestSuitesBase.runWithScoreCounter(ReplsTestSuitesBase.scala:11)
	at repls.ReplsTestSuite4_1.run(ReplsTestSuite4_1.scala:15)
	at org.scalatestplus.junit.JUnitRunner.run(JUnitRunner.scala:99)
	at org.gradle.api.internal.tasks.testing.junit.JUnitTestClassExecutor.runTestClass(JUnitTestClassExecutor.java:110)
	at org.gradle.api.internal.tasks.testing.junit.JUnitTestClassExecutor.execute(JUnitTestClassExecutor.java:58)
	at org.gradle.api.internal.tasks.testing.junit.JUnitTestClassExecutor.execute(JUnitTestClassExecutor.java:38)
	at org.gradle.api.internal.tasks.testing.junit.AbstractJUnitTestClassProcessor.processTestClass(AbstractJUnitTestClassProcessor.java:62)
	at org.gradle.api.internal.tasks.testing.SuiteTestClassProcessor.processTestClass(SuiteTestClassProcessor.java:51)
	at sun.reflect.NativeMethodAccessorImpl.invoke0(Native Method)
	at sun.reflect.NativeMethodAccessorImpl.invoke(NativeMethodAccessorImpl.java:62)
	at sun.reflect.DelegatingMethodAccessorImpl.invoke(DelegatingMethodAccessorImpl.java:43)
	at java.lang.reflect.Method.invoke(Method.java:498)
	at org.gradle.internal.dispatch.ReflectionDispatch.dispatch(ReflectionDispatch.java:35)
	at org.gradle.internal.dispatch.ReflectionDispatch.dispatch(ReflectionDispatch.java:24)
	at org.gradle.internal.dispatch.ContextClassLoaderDispatch.dispatch(ContextClassLoaderDispatch.java:32)
	at org.gradle.internal.dispatch.ProxyDispatchAdapter$DispatchingInvocationHandler.invoke(ProxyDispatchAdapter.java:93)
	at com.sun.proxy.$Proxy2.processTestClass(Unknown Source)
	at org.gradle.api.internal.tasks.testing.worker.TestWorker.processTestClass(TestWorker.java:118)
	at sun.reflect.NativeMethodAccessorImpl.invoke0(Native Method)
	at sun.reflect.NativeMethodAccessorImpl.invoke(NativeMethodAccessorImpl.java:62)
	at sun.reflect.DelegatingMethodAccessorImpl.invoke(DelegatingMethodAccessorImpl.java:43)
	at java.lang.reflect.Method.invoke(Method.java:498)
	at org.gradle.internal.dispatch.ReflectionDispatch.dispatch(ReflectionDispatch.java:35)
	at org.gradle.internal.dispatch.ReflectionDispatch.dispatch(ReflectionDispatch.java:24)
	at org.gradle.internal.remote.internal.hub.MessageHubBackedObjectConnection$DispatchWrapper.dispatch(MessageHubBackedObjectConnection.java:175)
	at org.gradle.internal.remote.internal.hub.MessageHubBackedObjectConnection$DispatchWrapper.dispatch(MessageHubBackedObjectConnection.java:157)
	at org.gradle.internal.remote.internal.hub.MessageHub$Handler.run(MessageHub.java:404)
	at org.gradle.internal.concurrent.ExecutorPolicy$CatchAndRecordFailures.onExecute(ExecutorPolicy.java:63)
	at org.gradle.internal.concurrent.ManagedExecutorImpl$1.run(ManagedExecutorImpl.java:46)
	at java.util.concurrent.ThreadPoolExecutor.runWorker(ThreadPoolExecutor.java:1149)
	at java.util.concurrent.ThreadPoolExecutor$Worker.run(ThreadPoolExecutor.java:624)
	at org.gradle.internal.concurrent.ThreadFactoryImpl$ManagedThreadRunnable.run(ThreadFactoryImpl.java:55)
	at java.lang.Thread.run(Thread.java:748)
</failure>
  </testcase>
  <testcase name="Evaluate Expressions brackets" classname="repls.IntReplTests" time="0.002">
    <failure message="org.scalatest.exceptions.TestFailedException: &quot;5[ 45 1247 * 87 + 583 + *]&quot; did not equal &quot;5[43253]&quot;" type="org.scalatest.exceptions.TestFailedException">org.scalatest.exceptions.TestFailedException: &quot;5[ 45 1247 * 87 + 583 + *]&quot; did not equal &quot;5[43253]&quot;
	at org.scalatest.Assertions.newAssertionFailedException(Assertions.scala:530)
	at org.scalatest.Assertions.newAssertionFailedException$(Assertions.scala:529)
	at org.scalatest.FunSuite.newAssertionFailedException(FunSuite.scala:1560)
	at org.scalatest.Assertions$AssertionsHelper.macroAssert(Assertions.scala:503)
	at repls.IntReplTests.$anonfun$new$14(IntReplTests.scala:149)
	at repls.infrastructure.TestBase.$anonfun$test$1(TestBase.scala:36)
	at org.scalatest.OutcomeOf.outcomeOf(OutcomeOf.scala:85)
	at org.scalatest.OutcomeOf.outcomeOf$(OutcomeOf.scala:83)
	at org.scalatest.OutcomeOf$.outcomeOf(OutcomeOf.scala:104)
	at org.scalatest.Transformer.apply(Transformer.scala:22)
	at org.scalatest.Transformer.apply(Transformer.scala:20)
	at org.scalatest.FunSuiteLike$$anon$1.apply(FunSuiteLike.scala:186)
	at org.scalatest.TestSuite.withFixture(TestSuite.scala:196)
	at org.scalatest.TestSuite.withFixture$(TestSuite.scala:195)
	at repls.infrastructure.TestBase.org$scalatest$concurrent$TimeLimitedTests$$super$withFixture(TestBase.scala:9)
	at org.scalatest.concurrent.TimeLimitedTests.$anonfun$withFixture$3(TimeLimitedTests.scala:154)
[...]
ranklist is List(5, 0, 4, 6, 0, 5)
List(5, 0, 4, 6, 0, 5)
running
5
()
ranklist is List(5, 0, 4, 6)
List(5, 0, 4, 6)
running
6
()
4
()
ranklist is List(5)
ranklist is List(5)
n = 1
adding0
List(0)
ranklist is List(0)
adding0
List(0, 0)
ranklist is List(0, 0)
n = 1 + 4 * 5
adding0
List(0)
ranklist is List(0)
adding0
List(0, 0)
ranklist is List(0, 0)
ranklist is List(0, 0, 5)
ranklist is List(0, 0, 5)
n = 21
adding0
List(0)
ranklist is List(0)
adding0
List(0, 0)
ranklist is List(0, 0)
m = n + 4
adding0
List(0)
ranklist is List(0)
adding0
List(0, 0)
ranklist is List(0, 0)
adding0
List(0, 0, 0)
ranklist is List(0, 0, 0)
ranklist is List(0, 0, 0, 5)
n = -16
adding0
List(0)
ranklist is List(0)
adding0
List(0, 0)
ranklist is List(0, 0)
n = n + 4
adding0
List(0)
ranklist is List(0)
adding0
List(0, 0)
ranklist is List(0, 0)
adding0
List(0, 0, 0)
ranklist is List(0, 0, 0)
ranklist is List(0, 0, 0, 5)
p = 12
adding0
List(0)
ranklist is List(0)
adding0
List(0, 0)
ranklist is List(0, 0)
p = ( 1 + p * 2 ) * 2 + p
adding0
List(0)
ranklist is List(0)
adding0
List(0, 0)
ranklist is List(0, 0)
adding0
List(0, 0, 0)
ranklist is List(0, 0, 0)
ranklist is List(0, 0, 0, 5)
adding0
List(0, 0, 0, 5, 0)
ranklist is List(0, 0, 0, 5, 0)
ranklist is List(0, 0, 0, 5, 0, 4)
List(0, 0, 0, 5, 0, 4)
running
4
()
ranklist is List(0, 0, 0, 5)
ranklist is List(0, 0, 0, 5)
ranklist is List(0, 0, 0, 5, 5)
adding0
List(0, 0, 0, 5, 5, 0)
ranklist is List(0, 0, 0, 5, 5, 0)
q = 12
adding0
List(0)
ranklist is List(0)
adding0
List(0, 0)
ranklist is List(0, 0)
5 + q
adding5
List(5)
ranklist is List(5)
adding0
List(5, 0)
ranklist is List(5, 0)
r = 4 * 12
adding0
List(0)
ranklist is List(0)
adding0
List(0, 0)
ranklist is List(0, 0)
ranklist is List(0, 0, 4)
r = ( r * 2 - 45 ) + 126
adding0
List(0)
ranklist is List(0)
adding0
List(0, 0)
ranklist is List(0, 0)
adding0
List(0, 0, 0)
ranklist is List(0, 0, 0)
adding0
List(0, 0, 0, 0)
ranklist is List(0, 0, 0, 0)
ranklist is List(0, 0, 0, 0, 4)
ranklist is List(0, 0, 0, 0, 4, 6)
List(0, 0, 0, 0, 4, 6)
running
6
()
4
()
ranklist is List(0, 0, 0)
ranklist is List(0, 0, 0, 5)
45 + ( r * r ) - ( 2 + 16 )
adding5
List(5)
ranklist is List(5)
adding0
List(5, 0)
ranklist is List(5, 0)
adding0
List(5, 0, 0)
ranklist is List(5, 0, 0)
ranklist is List(5, 0, 0, 4)
adding0
List(5, 0, 0, 4, 0)
ranklist is List(5, 0, 0, 4, 0)
List(5, 0, 0, 4, 0)
running
ranklist is List(5, 0, 0, 4)
ranklist is List(5, 0, 0, 4, 6)
adding0
List(5, 0, 0, 4, 6, 0)
ranklist is List(5, 0, 0, 4, 6, 0)
ranklist is List(5, 0, 0, 4, 6, 0, 5)
List(5, 0, 0, 4, 6, 0, 5)
running
5
()
ranklist is List(5, 0, 0, 4, 6)
@ ( 4 * 4 ) * x
adding0
List(0)
ranklist is List(0)
adding0
List(0, 0)
ranklist is List(0, 0)
ranklist is List(0, 0, 4)
List(0, 0, 4)
running
4
()
ranklist is List(0)
ranklist is List(0, 4)
adding0
List(0, 4, 0)
ranklist is List(0, 4, 0)
@ 0 + x
adding0
List(0)
ranklist is List(0)
ranklist is List(0, 5)
adding0
List(0, 5, 0)
ranklist is List(0, 5, 0)
@ x + 0
adding0
List(0)
ranklist is List(0)
adding0
List(0, 0)
ranklist is List(0, 0)
ranklist is List(0, 0, 5)
@ 1 * x
adding0
List(0)
ranklist is List(0)
ranklist is List(0, 4)
adding0
List(0, 4, 0)
ranklist is List(0, 4, 0)
@ y * 1
adding0
List(0)
ranklist is List(0)
adding0
List(0, 0)
ranklist is List(0, 0)
ranklist is List(0, 0, 4)
@ 0 * x
adding0
List(0)
ranklist is List(0)
ranklist is List(0, 4)
adding0
List(0, 4, 0)
ranklist is List(0, 4, 0)
@ x * 0
adding0
List(0)
ranklist is List(0)
adding0
List(0, 0)
ranklist is List(0, 0)
ranklist is List(0, 0, 4)
@ ( x * 0 ) + ( y * 2 )
adding0
List(0)
ranklist is List(0)
adding0
List(0, 0)
ranklist is List(0, 0)
adding0
List(0, 0, 0)
ranklist is List(0, 0, 0)
ranklist is List(0, 0, 0, 4)
List(0, 0, 0, 4)
running
4
()
ranklist is List(0, 0)
ranklist is List(0, 0, 5)
adding0
List(0, 0, 5, 0)
ranklist is List(0, 0, 5, 0)
adding0
List(0, 0, 5, 0, 0)
ranklist is List(0, 0, 5, 0, 0)
ranklist is List(0, 0, 5, 0, 0, 4)
List(0, 0, 5, 0, 0, 4)
running
4
()
ranklist is List(0, 0, 5, 0)
@ ( x * -11 ) + ( a * 0 )
adding0
List(0)
ranklist is List(0)
adding0
List(0, 0)
ranklist is List(0, 0)
adding0
List(0, 0, 0)
ranklist is List(0, 0, 0)
ranklist is List(0, 0, 0, 4)
List(0, 0, 0, 4)
running
4
()
ranklist is List(0, 0)
ranklist is List(0, 0, 5)
adding0
List(0, 0, 5, 0)
ranklist is List(0, 0, 5, 0)
adding0
List(0, 0, 5, 0, 0)
ranklist is List(0, 0, 5, 0, 0)
ranklist is List(0, 0, 5, 0, 0, 4)
List(0, 0, 5, 0, 0, 4)
running
4
()
ranklist is List(0, 0, 5, 0)
@ ( a + 6 ) * 2 * 0
adding0
List(0)
ranklist is List(0)
adding0
List(0, 0)
ranklist is List(0, 0)
adding0
List(0, 0, 0)
ranklist is List(0, 0, 0)
ranklist is List(0, 0, 0, 5)
List(0, 0, 0, 5)
running
5
()
ranklist is List(0, 0)
ranklist is List(0, 0, 4)
ranklist is List(0, 0, 4, 4)
@ 0 * ( x + y )
adding0
List(0)
ranklist is List(0)
ranklist is List(0, 4)
adding0
List(0, 4, 0)
ranklist is List(0, 4, 0)
adding0
List(0, 4, 0, 0)
ranklist is List(0, 4, 0, 0)
ranklist is List(0, 4, 0, 0, 5)
adding0
List(0, 4, 0, 0, 5, 0)
ranklist is List(0, 4, 0, 0, 5, 0)
List(0, 4, 0, 0, 5, 0)
running
ranklist is List(0, 4, 0, 0, 5)
@ ( ( ( 23 * 2 ) + ( 2 * 9 ) ) + 34 + 4 ) * y
adding0
List(0)
ranklist is List(0)
adding0
List(0, 0)
ranklist is List(0, 0)
adding0
List(0, 0, 0)
ranklist is List(0, 0, 0)
adding0
List(0, 0, 0, 0)
ranklist is List(0, 0, 0, 0)
ranklist is List(0, 0, 0, 0, 4)
List(0, 0, 0, 0, 4)
running
4
()
ranklist is List(0, 0, 0)
ranklist is List(0, 0, 0, 5)
adding0
List(0, 0, 0, 5, 0)
ranklist is List(0, 0, 0, 5, 0)
ranklist is List(0, 0, 0, 5, 0, 4)
List(0, 0, 0, 5, 0, 4)
running
4
()
ranklist is List(0, 0, 0, 5)
List(0, 0, 0, 5)
running
5
()
ranklist is List(0, 0)
ranklist is List(0, 0, 5)
ranklist is List(0, 0, 5, 5)
List(0, 0, 5, 5)
running
5
()
5
()
ranklist is List(0)
ranklist is List(0, 4)
adding0
List(0, 4, 0)
ranklist is List(0, 4, 0)
@ ( x + y + z ) - ( x + y + z )
adding0
List(0)
ranklist is List(0)
adding0
List(0, 0)
ranklist is List(0, 0)
adding0
List(0, 0, 0)
ranklist is List(0, 0, 0)
ranklist is List(0, 0, 0, 5)
adding0
List(0, 0, 0, 5, 0)
ranklist is List(0, 0, 0, 5, 0)
ranklist is List(0, 0, 0, 5, 0, 5)
adding0
List(0, 0, 0, 5, 0, 5, 0)
ranklist is List(0, 0, 0, 5, 0, 5, 0)
List(0, 0, 0, 5, 0, 5, 0)
running
ranklist is List(0, 0, 0, 5, 0, 5)
ranklist is List(0, 0, 0, 5, 0, 5, 6)
adding0
List(0, 0, 0, 5, 0, 5, 6, 0)
ranklist is List(0, 0, 0, 5, 0, 5, 6, 0)
adding0
List(0, 0, 0, 5, 0, 5, 6, 0, 0)
ranklist is List(0, 0, 0, 5, 0, 5, 6, 0, 0)
ranklist is List(0, 0, 0, 5, 0, 5, 6, 0, 0, 5)
adding0
List(0, 0, 0, 5, 0, 5, 6, 0, 0, 5, 0)
ranklist is List(0, 0, 0, 5, 0, 5, 6, 0, 0, 5, 0)
ranklist is List(0, 0, 0, 5, 0, 5, 6, 0, 0, 5, 0, 5)
adding0
List(0, 0, 0, 5, 0, 5, 6, 0, 0, 5, 0, 5, 0)
ranklist is List(0, 0, 0, 5, 0, 5, 6, 0, 0, 5, 0, 5, 0)
List(0, 0, 0, 5, 0, 5, 6, 0, 0, 5, 0, 5, 0)
running
ranklist is List(0, 0, 0, 5, 0, 5, 6, 0, 0, 5, 0, 5)
@ ( x + y + z ) - ( ( x + y + z ) + 0 )
adding0
List(0)
ranklist is List(0)
adding0
List(0, 0)
ranklist is List(0, 0)
adding0
List(0, 0, 0)
ranklist is List(0, 0, 0)
ranklist is List(0, 0, 0, 5)
adding0
List(0, 0, 0, 5, 0)
ranklist is List(0, 0, 0, 5, 0)
ranklist is List(0, 0, 0, 5, 0, 5)
adding0
List(0, 0, 0, 5, 0, 5, 0)
ranklist is List(0, 0, 0, 5, 0, 5, 0)
List(0, 0, 0, 5, 0, 5, 0)
running
ranklist is List(0, 0, 0, 5, 0, 5)
ranklist is List(0, 0, 0, 5, 0, 5, 6)
adding0
List(0, 0, 0, 5, 0, 5, 6, 0)
ranklist is List(0, 0, 0, 5, 0, 5, 6, 0)
adding0
List(0, 0, 0, 5, 0, 5, 6, 0, 0)
ranklist is List(0, 0, 0, 5, 0, 5, 6, 0, 0)
adding0
List(0, 0, 0, 5, 0, 5, 6, 0, 0, 0)
ranklist is List(0, 0, 0, 5, 0, 5, 6, 0, 0, 0)
ranklist is List(0, 0, 0, 5, 0, 5, 6, 0, 0, 0, 5)
adding0
List(0, 0, 0, 5, 0, 5, 6, 0, 0, 0, 5, 0)
ranklist is List(0, 0, 0, 5, 0, 5, 6, 0, 0, 0, 5, 0)
ranklist is List(0, 0, 0, 5, 0, 5, 6, 0, 0, 0, 5, 0, 5)
adding0
List(0, 0, 0, 5, 0, 5, 6, 0, 0, 0, 5, 0, 5, 0)
ranklist is List(0, 0, 0, 5, 0, 5, 6, 0, 0, 0, 5, 0, 5, 0)
List(0, 0, 0, 5, 0, 5, 6, 0, 0, 0, 5, 0, 5, 0)
running
ranklist is List(0, 0, 0, 5, 0, 5, 6, 0, 0, 0, 5, 0, 5)
ranklist is List(0, 0, 0, 5, 0, 5, 6, 0, 0, 0, 5, 0, 5, 5)
List(0, 0, 0, 5, 0, 5, 6, 0, 0, 0, 5, 0, 5, 5)
running
5
()
5
()
ranklist is List(0, 0, 0, 5, 0, 5, 6, 0, 0, 0, 5)
@ a + ( b * 1 )
adding0
List(0)
ranklist is List(0)
adding0
List(0, 0)
ranklist is List(0, 0)
ranklist is List(0, 0, 5)
adding0
List(0, 0, 5, 0)
ranklist is List(0, 0, 5, 0)
adding0
List(0, 0, 5, 0, 0)
ranklist is List(0, 0, 5, 0, 0)
ranklist is List(0, 0, 5, 0, 0, 4)
List(0, 0, 5, 0, 0, 4)
running
4
()
ranklist is List(0, 0, 5, 0)
@ a + ( 0 + ( 0 + ( 0 + 0 ) ) )
adding0
List(0)
ranklist is List(0)
adding0
List(0, 0)
ranklist is List(0, 0)
ranklist is List(0, 0, 5)
adding0
List(0, 0, 5, 0)
ranklist is List(0, 0, 5, 0)
ranklist is List(0, 0, 5, 0, 5)
adding0
List(0, 0, 5, 0, 5, 0)
ranklist is List(0, 0, 5, 0, 5, 0)
ranklist is List(0, 0, 5, 0, 5, 0, 5)
adding0
List(0, 0, 5, 0, 5, 0, 5, 0)
ranklist is List(0, 0, 5, 0, 5, 0, 5, 0)
ranklist is List(0, 0, 5, 0, 5, 0, 5, 0, 5)
List(0, 0, 5, 0, 5, 0, 5, 0, 5)
running
5
()
ranklist is List(0, 0, 5, 0, 5, 0, 5)
List(0, 0, 5, 0, 5, 0, 5)
running
5
()
ranklist is List(0, 0, 5, 0, 5)
List(0, 0, 5, 0, 5)
running
5
()
ranklist is List(0, 0, 5)
@ ( a * b ) + ( a * c )
adding0
List(0)
ranklist is List(0)
adding0
List(0, 0)
ranklist is List(0, 0)
adding0
List(0, 0, 0)
ranklist is List(0, 0, 0)
ranklist is List(0, 0, 0, 4)
adding0
List(0, 0, 0, 4, 0)
ranklist is List(0, 0, 0, 4, 0)
List(0, 0, 0, 4, 0)
running
ranklist is List(0, 0, 0, 4)
ranklist is List(0, 0, 0, 4, 5)
adding0
List(0, 0, 0, 4, 5, 0)
ranklist is List(0, 0, 0, 4, 5, 0)
adding0
List(0, 0, 0, 4, 5, 0, 0)
ranklist is List(0, 0, 0, 4, 5, 0, 0)
ranklist is List(0, 0, 0, 4, 5, 0, 0, 4)
adding0
List(0, 0, 0, 4, 5, 0, 0, 4, 0)
ranklist is List(0, 0, 0, 4, 5, 0, 0, 4, 0)
List(0, 0, 0, 4, 5, 0, 0, 4, 0)
running
ranklist is List(0, 0, 0, 4, 5, 0, 0, 4)
@ ( b * ( 1 + x ) ) + ( ( 1 + x ) * c )
adding0
List(0)
ranklist is List(0)
adding0
List(0, 0)
ranklist is List(0, 0)
adding0
List(0, 0, 0)
ranklist is List(0, 0, 0)
ranklist is List(0, 0, 0, 4)
adding0
List(0, 0, 0, 4, 0)
ranklist is List(0, 0, 0, 4, 0)
ranklist is List(0, 0, 0, 4, 0, 5)
adding0
List(0, 0, 0, 4, 0, 5, 0)
ranklist is List(0, 0, 0, 4, 0, 5, 0)
List(0, 0, 0, 4, 0, 5, 0)
running
ranklist is List(0, 0, 0, 4, 0, 5)
List(0, 0, 0, 4, 0, 5)
running
5
()
ranklist is List(0, 0, 0, 4)
ranklist is List(0, 0, 0, 4, 5)
adding0
List(0, 0, 0, 4, 5, 0)
ranklist is List(0, 0, 0, 4, 5, 0)
adding0
List(0, 0, 0, 4, 5, 0, 0)
ranklist is List(0, 0, 0, 4, 5, 0, 0)
ranklist is List(0, 0, 0, 4, 5, 0, 0, 5)
adding0
List(0, 0, 0, 4, 5, 0, 0, 5, 0)
ranklist is List(0, 0, 0, 4, 5, 0, 0, 5, 0)
List(0, 0, 0, 4, 5, 0, 0, 5, 0)
running
ranklist is List(0, 0, 0, 4, 5, 0, 0, 5)
ranklist is List(0, 0, 0, 4, 5, 0, 0, 5)
adding0
List(0, 0, 0, 4, 5, 0, 0, 5, 0)
ranklist is List(0, 0, 0, 4, 5, 0, 0, 5, 0)
List(0, 0, 0, 4, 5, 0, 0, 5, 0)
running
ranklist is List(0, 0, 0, 4, 5, 0, 0, 5)
@ ( ( x + 1 ) * 2 ) + ( 3 * ( x + 1 ) )
adding0
List(0)
ranklist is List(0)
adding0
List(0, 0)
ranklist is List(0, 0)
adding0
List(0, 0, 0)
ranklist is List(0, 0, 0)
adding0
List(0, 0, 0, 0)
ranklist is List(0, 0, 0, 0)
ranklist is List(0, 0, 0, 0, 5)
List(0, 0, 0, 0, 5)
running
5
()
ranklist is List(0, 0, 0)
ranklist is List(0, 0, 0, 4)
List(0, 0, 0, 4)
running
4
()
ranklist is List(0, 0)
ranklist is List(0, 0, 5)
adding0
List(0, 0, 5, 0)
ranklist is List(0, 0, 5, 0)
ranklist is List(0, 0, 5, 0, 4)
adding0
List(0, 0, 5, 0, 4, 0)
ranklist is List(0, 0, 5, 0, 4, 0)
adding0
List(0, 0, 5, 0, 4, 0, 0)
ranklist is List(0, 0, 5, 0, 4, 0, 0)
ranklist is List(0, 0, 5, 0, 4, 0, 0, 5)
List(0, 0, 5, 0, 4, 0, 0, 5)
running
5
()
ranklist is List(0, 0, 5, 0, 4, 0)
List(0, 0, 5, 0, 4, 0)
running
ranklist is List(0, 0, 5, 0, 4)
@ b * a + c * a
adding0
List(0)
ranklist is List(0)
adding0
List(0, 0)
ranklist is List(0, 0)
ranklist is List(0, 0, 4)
adding0
List(0, 0, 4, 0)
ranklist is List(0, 0, 4, 0)
ranklist is List(0, 0, 4, 0, 5)
adding0
List(0, 0, 4, 0, 5, 0)
ranklist is List(0, 0, 4, 0, 5, 0)
ranklist is List(0, 0, 4, 0, 5, 0, 4)
adding0
List(0, 0, 4, 0, 5, 0, 4, 0)
ranklist is List(0, 0, 4, 0, 5, 0, 4, 0)
@ a + ( ( b * c ) + ( c * d ) )
adding0
List(0)
ranklist is List(0)
adding0
List(0, 0)
ranklist is List(0, 0)
ranklist is List(0, 0, 5)
adding0
List(0, 0, 5, 0)
ranklist is List(0, 0, 5, 0)
adding0
List(0, 0, 5, 0, 0)
ranklist is List(0, 0, 5, 0, 0)
adding0
List(0, 0, 5, 0, 0, 0)
ranklist is List(0, 0, 5, 0, 0, 0)
ranklist is List(0, 0, 5, 0, 0, 0, 4)
adding0
List(0, 0, 5, 0, 0, 0, 4, 0)
ranklist is List(0, 0, 5, 0, 0, 0, 4, 0)
List(0, 0, 5, 0, 0, 0, 4, 0)
running
ranklist is List(0, 0, 5, 0, 0, 0, 4)
ranklist is List(0, 0, 5, 0, 0, 0, 4, 5)
adding0
List(0, 0, 5, 0, 0, 0, 4, 5, 0)
ranklist is List(0, 0, 5, 0, 0, 0, 4, 5, 0)
adding0
List(0, 0, 5, 0, 0, 0, 4, 5, 0, 0)
ranklist is List(0, 0, 5, 0, 0, 0, 4, 5, 0, 0)
ranklist is List(0, 0, 5, 0, 0, 0, 4, 5, 0, 0, 4)
adding0
List(0, 0, 5, 0, 0, 0, 4, 5, 0, 0, 4, 0)
ranklist is List(0, 0, 5, 0, 0, 0, 4, 5, 0, 0, 4, 0)
List(0, 0, 5, 0, 0, 0, 4, 5, 0, 0, 4, 0)
running
ranklist is List(0, 0, 5, 0, 0, 0, 4, 5, 0, 0, 4)
List(0, 0, 5, 0, 0, 0, 4, 5, 0, 0, 4)
running
4
()
ranklist is List(0, 0, 5, 0, 0, 0, 4, 5, 0)
z = 12
adding0
List(0)
ranklist is List(0)
adding0
List(0, 0)
ranklist is List(0, 0)
q = 7
adding0
List(0)
ranklist is List(0)
adding0
List(0, 0)
ranklist is List(0, 0)
@ ( x - x ) + ( ( b + 0 ) * ( a + 0 ) + c * a ) - ( ( a * b ) + ( a * c ) + ( ( z + q ) * 0 ) )
adding0
List(0)
ranklist is List(0)
adding0
List(0, 0)
ranklist is List(0, 0)
adding0
List(0, 0, 0)
ranklist is List(0, 0, 0)
ranklist is List(0, 0, 0, 6)
adding0
List(0, 0, 0, 6, 0)
ranklist is List(0, 0, 0, 6, 0)
List(0, 0, 0, 6, 0)
running
ranklist is List(0, 0, 0, 6)
ranklist is List(0, 0, 0, 6)
adding0
List(0, 0, 0, 6, 0)
ranklist is List(0, 0, 0, 6, 0)
adding0
List(0, 0, 0, 6, 0, 0)
ranklist is List(0, 0, 0, 6, 0, 0)
adding0
List(0, 0, 0, 6, 0, 0, 0)
ranklist is List(0, 0, 0, 6, 0, 0, 0)
ranklist is List(0, 0, 0, 6, 0, 0, 0, 5)
List(0, 0, 0, 6, 0, 0, 0, 5)
running
5
()
ranklist is List(0, 0, 0, 6, 0, 0)
ranklist is List(0, 0, 0, 6, 0, 0, 4)
adding0
List(0, 0, 0, 6, 0, 0, 4, 0)
ranklist is List(0, 0, 0, 6, 0, 0, 4, 0)
adding0
List(0, 0, 0, 6, 0, 0, 4, 0, 0)
ranklist is List(0, 0, 0, 6, 0, 0, 4, 0, 0)
ranklist is List(0, 0, 0, 6, 0, 0, 4, 0, 0, 5)
List(0, 0, 0, 6, 0, 0, 4, 0, 0, 5)
running
5
()
ranklist is List(0, 0, 0, 6, 0, 0, 4, 0)
ranklist is List(0, 0, 0, 6, 0, 0, 4, 0, 5)
adding0
List(0, 0, 0, 6, 0, 0, 4, 0, 5, 0)
ranklist is List(0, 0, 0, 6, 0, 0, 4, 0, 5, 0)
ranklist is List(0, 0, 0, 6, 0, 0, 4, 0, 5, 0, 4)
adding0
List(0, 0, 0, 6, 0, 0, 4, 0, 5, 0, 4, 0)
ranklist is List(0, 0, 0, 6, 0, 0, 4, 0, 5, 0, 4, 0)
List(0, 0, 0, 6, 0, 0, 4, 0, 5, 0, 4, 0)
running
ranklist is List(0, 0, 0, 6, 0, 0, 4, 0, 5, 0, 4)
ranklist is List(0, 0, 0, 6, 0, 0, 4, 0, 5, 0, 4, 6)
adding0
List(0, 0, 0, 6, 0, 0, 4, 0, 5, 0, 4, 6, 0)
ranklist is List(0, 0, 0, 6, 0, 0, 4, 0, 5, 0, 4, 6, 0)
adding0
List(0, 0, 0, 6, 0, 0, 4, 0, 5, 0, 4, 6, 0, 0)
ranklist is List(0, 0, 0, 6, 0, 0, 4, 0, 5, 0, 4, 6, 0, 0)
adding0
List(0, 0, 0, 6, 0, 0, 4, 0, 5, 0, 4, 6, 0, 0, 0)
ranklist is List(0, 0, 0, 6, 0, 0, 4, 0, 5, 0, 4, 6, 0, 0, 0)
ranklist is List(0, 0, 0, 6, 0, 0, 4, 0, 5, 0, 4, 6, 0, 0, 0, 4)
adding0
List(0, 0, 0, 6, 0, 0, 4, 0, 5, 0, 4, 6, 0, 0, 0, 4, 0)
ranklist is List(0, 0, 0, 6, 0, 0, 4, 0, 5, 0, 4, 6, 0, 0, 0, 4, 0)
List(0, 0, 0, 6, 0, 0, 4, 0, 5, 0, 4, 6, 0, 0, 0, 4, 0)
running
ranklist is List(0, 0, 0, 6, 0, 0, 4, 0, 5, 0, 4, 6, 0, 0, 0, 4)
ranklist is List(0, 0, 0, 6, 0, 0, 4, 0, 5, 0, 4, 6, 0, 0, 0, 4, 5)
adding0
List(0, 0, 0, 6, 0, 0, 4, 0, 5, 0, 4, 6, 0, 0, 0, 4, 5, 0)
ranklist is List(0, 0, 0, 6, 0, 0, 4, 0, 5, 0, 4, 6, 0, 0, 0, 4, 5, 0)
adding0
List(0, 0, 0, 6, 0, 0, 4, 0, 5, 0, 4, 6, 0, 0, 0, 4, 5, 0, 0)
ranklist is List(0, 0, 0, 6, 0, 0, 4, 0, 5, 0, 4, 6, 0, 0, 0, 4, 5, 0, 0)
ranklist is List(0, 0, 0, 6, 0, 0, 4, 0, 5, 0, 4, 6, 0, 0, 0, 4, 5, 0, 0, 4)
adding0
List(0, 0, 0, 6, 0, 0, 4, 0, 5, 0, 4, 6, 0, 0, 0, 4, 5, 0, 0, 4, 0)
ranklist is List(0, 0, 0, 6, 0, 0, 4, 0, 5, 0, 4, 6, 0, 0, 0, 4, 5, 0, 0, 4, 0)
List(0, 0, 0, 6, 0, 0, 4, 0, 5, 0, 4, 6, 0, 0, 0, 4, 5, 0, 0, 4, 0)
running
ranklist is List(0, 0, 0, 6, 0, 0, 4, 0, 5, 0, 4, 6, 0, 0, 0, 4, 5, 0, 0, 4)
ranklist is List(0, 0, 0, 6, 0, 0, 4, 0, 5, 0, 4, 6, 0, 0, 0, 4, 5, 0, 0, 4, 5)
adding0
List(0, 0, 0, 6, 0, 0, 4, 0, 5, 0, 4, 6, 0, 0, 0, 4, 5, 0, 0, 4, 5, 0)
ranklist is List(0, 0, 0, 6, 0, 0, 4, 0, 5, 0, 4, 6, 0, 0, 0, 4, 5, 0, 0, 4, 5, 0)
adding0
List(0, 0, 0, 6, 0, 0, 4, 0, 5, 0, 4, 6, 0, 0, 0, 4, 5, 0, 0, 4, 5, 0, 0)
ranklist is List(0, 0, 0, 6, 0, 0, 4, 0, 5, 0, 4, 6, 0, 0, 0, 4, 5, 0, 0, 4, 5, 0, 0)
adding0
List(0, 0, 0, 6, 0, 0, 4, 0, 5, 0, 4, 6, 0, 0, 0, 4, 5, 0, 0, 4, 5, 0, 0, 0)
ranklist is List(0, 0, 0, 6, 0, 0, 4, 0, 5, 0, 4, 6, 0, 0, 0, 4, 5, 0, 0, 4, 5, 0, 0, 0)
ranklist is List(0, 0, 0, 6, 0, 0, 4, 0, 5, 0, 4, 6, 0, 0, 0, 4, 5, 0, 0, 4, 5, 0, 0, 0, 5)
adding0
List(0, 0, 0, 6, 0, 0, 4, 0, 5, 0, 4, 6, 0, 0, 0, 4, 5, 0, 0, 4, 5, 0, 0, 0, 5, 0)
ranklist is List(0, 0, 0, 6, 0, 0, 4, 0, 5, 0, 4, 6, 0, 0, 0, 4, 5, 0, 0, 4, 5, 0, 0, 0, 5, 0)
List(0, 0, 0, 6, 0, 0, 4, 0, 5, 0, 4, 6, 0, 0, 0, 4, 5, 0, 0, 4, 5, 0, 0, 0, 5, 0)
running
ranklist is List(0, 0, 0, 6, 0, 0, 4, 0, 5, 0, 4, 6, 0, 0, 0, 4, 5, 0, 0, 4, 5, 0, 0, 0, 5)
ranklist is List(0, 0, 0, 6, 0, 0, 4, 0, 5, 0, 4, 6, 0, 0, 0, 4, 5, 0, 0, 4, 5, 0, 0, 0, 5)
List(0, 0, 0, 6, 0, 0, 4, 0, 5, 0, 4, 6, 0, 0, 0, 4, 5, 0, 0, 4, 5, 0, 0, 0, 5)
running
5
()
ranklist is List(0, 0, 0, 6, 0, 0, 4, 0, 5, 0, 4, 6, 0, 0, 0, 4, 5, 0, 0, 4, 5, 0, 0)
List(0, 0, 0, 6, 0, 0, 4, 0, 5, 0, 4, 6, 0, 0, 0, 4, 5, 0, 0, 4, 5, 0, 0)
running
ranklist is List(0, 0, 0, 6, 0, 0, 4, 0, 5, 0, 4, 6, 0, 0, 0, 4, 5, 0, 0, 4, 5, 0)
a = -15
adding0
List(0)
ranklist is List(0)
adding0
List(0, 0)
ranklist is List(0, 0)
@ a
adding0
List(0)
ranklist is List(0)
adding0
List(0, 0)
ranklist is List(0, 0)
a = -10
adding0
List(0)
ranklist is List(0)
adding0
List(0, 0)
ranklist is List(0, 0)
@ ( 3 + ( 4 * a ) ) * b
adding0
List(0)
ranklist is List(0)
adding0
List(0, 0)
ranklist is List(0, 0)
ranklist is List(0, 0, 5)
adding0
List(0, 0, 5, 0)
ranklist is List(0, 0, 5, 0)
ranklist is List(0, 0, 5, 0, 4)
adding0
List(0, 0, 5, 0, 4, 0)
ranklist is List(0, 0, 5, 0, 4, 0)
List(0, 0, 5, 0, 4, 0)
running
ranklist is List(0, 0, 5, 0, 4)
List(0, 0, 5, 0, 4)
running
4
()
ranklist is List(0, 0, 5)
ranklist is List(0, 0, 5)
adding0
List(0, 0, 5, 0)
ranklist is List(0, 0, 5, 0)
a = 3
adding0
List(0)
ranklist is List(0)
adding0
List(0, 0)
ranklist is List(0, 0)
b = a * 4
adding0
List(0)
ranklist is List(0)
adding0
List(0, 0)
ranklist is List(0, 0)
adding0
List(0, 0, 0)
ranklist is List(0, 0, 0)
ranklist is List(0, 0, 0, 4)
c = b + ( a * 5 )
adding0
List(0)
ranklist is List(0)
adding0
List(0, 0)
ranklist is List(0, 0)
adding0
List(0, 0, 0)
ranklist is List(0, 0, 0)
ranklist is List(0, 0, 0, 5)
adding0
List(0, 0, 0, 5, 0)
ranklist is List(0, 0, 0, 5, 0)
adding0
List(0, 0, 0, 5, 0, 0)
ranklist is List(0, 0, 0, 5, 0, 0)
ranklist is List(0, 0, 0, 5, 0, 0, 4)
List(0, 0, 0, 5, 0, 0, 4)
running
4
()
ranklist is List(0, 0, 0, 5, 0)
@ ( a * b + c * b ) * 2 + d
adding0
List(0)
ranklist is List(0)
adding0
List(0, 0)
ranklist is List(0, 0)
adding0
List(0, 0, 0)
ranklist is List(0, 0, 0)
ranklist is List(0, 0, 0, 4)
adding0
List(0, 0, 0, 4, 0)
ranklist is List(0, 0, 0, 4, 0)
ranklist is List(0, 0, 0, 4, 0, 5)
adding0
List(0, 0, 0, 4, 0, 5, 0)
ranklist is List(0, 0, 0, 4, 0, 5, 0)
ranklist is List(0, 0, 0, 4, 0, 5, 0, 4)
adding0
List(0, 0, 0, 4, 0, 5, 0, 4, 0)
ranklist is List(0, 0, 0, 4, 0, 5, 0, 4, 0)
List(0, 0, 0, 4, 0, 5, 0, 4, 0)
running
ranklist is List(0, 0, 0, 4, 0, 5, 0, 4)
ranklist is List(0, 0, 0, 4, 0, 5, 0, 4, 4)
ranklist is List(0, 0, 0, 4, 0, 5, 0, 4, 4, 5)
adding0
List(0, 0, 0, 4, 0, 5, 0, 4, 4, 5, 0)
ranklist is List(0, 0, 0, 4, 0, 5, 0, 4, 4, 5, 0)
]]></system-out>
  <system-err><![CDATA[]]></system-err>
</testsuite>
